--------------------------------------------------------------------------------
CPU name:	AMD Ryzen 5 2600 Six-Core Processor            
CPU type:	AMD K17 (Zen+) architecture
CPU clock:	3.39 GHz
--------------------------------------------------------------------------------
--------------------------------------------------------------------------------
STRUCT,Info,3
CPU name:,AMD Ryzen 5 2600 Six-Core Processor            ,
CPU type:,AMD K17 (Zen+) architecture,
CPU clock:,3.393556898 GHz,
TABLE,Region lu-factorization,Group 1 Raw,MEM,6
Region Info,HWThread 11,
RDTSC Runtime [s],0.000328,
call count,1,
Event,Counter,HWThread 11
ACTUAL_CPU_CLOCK,FIXC1,1516183
MAX_CPU_CLOCK,FIXC2,1319336
RETIRED_INSTRUCTIONS,PMC0,2550150
CPU_CLOCKS_UNHALTED,PMC1,1203558
DRAM_CHANNEL_0,DFC0,637
DRAM_CHANNEL_1,DFC1,411
TABLE,Region lu-factorization,Group 1 Metric,MEM,6
Metric,HWThread 11,
Runtime (RDTSC) [s],0.0003,
Runtime unhalted [s],0.0004,
Clock [MHz],3899.8809,
CPI,0.4720,
Memory bandwidth [MBytes/s],204.4889,
Memory data volume [GBytes],0.0001,
STRUCT,Info,3
CPU name:,AMD Ryzen 5 2600 Six-Core Processor            ,
CPU type:,AMD K17 (Zen+) architecture,
CPU clock:,3.393556898 GHz,
TABLE,Region retrosubs,Group 1 Raw,MEM,6
Region Info,HWThread 11,
RDTSC Runtime [s],0.001949,
call count,1,
Event,Counter,HWThread 11
ACTUAL_CPU_CLOCK,FIXC1,7830907
MAX_CPU_CLOCK,FIXC2,6834306
RETIRED_INSTRUCTIONS,PMC0,16332630
CPU_CLOCKS_UNHALTED,PMC1,7503906
DRAM_CHANNEL_0,DFC0,4038
DRAM_CHANNEL_1,DFC1,3064
TABLE,Region retrosubs,Group 1 Metric,MEM,6
Metric,HWThread 11,
Runtime (RDTSC) [s],0.0019,
Runtime unhalted [s],0.0023,
Clock [MHz],3888.4165,
CPI,0.4594,
Memory bandwidth [MBytes/s],233.2343,
Memory data volume [GBytes],0.0005,
STRUCT,Info,3
CPU name:,AMD Ryzen 5 2600 Six-Core Processor            ,
CPU type:,AMD K17 (Zen+) architecture,
CPU clock:,3.393556898 GHz,
TABLE,Region calc-residue,Group 1 Raw,MEM,6
Region Info,HWThread 11,
RDTSC Runtime [s],0.015569,
call count,10,
Event,Counter,HWThread 11
ACTUAL_CPU_CLOCK,FIXC1,63095260
MAX_CPU_CLOCK,FIXC2,55290560
RETIRED_INSTRUCTIONS,PMC0,149995200
CPU_CLOCKS_UNHALTED,PMC1,60086330
DRAM_CHANNEL_0,DFC0,13360
DRAM_CHANNEL_1,DFC1,9922
TABLE,Region calc-residue,Group 1 Metric,MEM,6
Metric,HWThread 11,
Runtime (RDTSC) [s],0.0156,
Runtime unhalted [s],0.0186,
Clock [MHz],3872.5843,
CPI,0.4006,
Memory bandwidth [MBytes/s],95.7066,
Memory data volume [GBytes],0.0015,
