--------------------------------------------------------------------------------
CPU name:	AMD Ryzen 5 2600 Six-Core Processor            
CPU type:	AMD K17 (Zen+) architecture
CPU clock:	3.39 GHz
--------------------------------------------------------------------------------
--------------------------------------------------------------------------------
STRUCT,Info,3
CPU name:,AMD Ryzen 5 2600 Six-Core Processor            ,
CPU type:,AMD K17 (Zen+) architecture,
CPU clock:,3.391262356 GHz,
TABLE,Region lu-factorization,Group 1 Raw,MEM,6
Region Info,HWThread 11,
RDTSC Runtime [s],0.140148,
call count,1,
Event,Counter,HWThread 11
ACTUAL_CPU_CLOCK,FIXC1,540161800
MAX_CPU_CLOCK,FIXC2,476014300
RETIRED_INSTRUCTIONS,PMC0,1023144000
CPU_CLOCKS_UNHALTED,PMC1,531973400
DRAM_CHANNEL_0,DFC0,6308063
DRAM_CHANNEL_1,DFC1,5837808
TABLE,Region lu-factorization,Group 1 Metric,MEM,6
Metric,HWThread 11,
Runtime (RDTSC) [s],0.1401,
Runtime unhalted [s],0.1593,
Clock [MHz],3848.2675,
CPI,0.5199,
Memory bandwidth [MBytes/s],5546.5268,
Memory data volume [GBytes],0.7773,
STRUCT,Info,3
CPU name:,AMD Ryzen 5 2600 Six-Core Processor            ,
CPU type:,AMD K17 (Zen+) architecture,
CPU clock:,3.391262356 GHz,
TABLE,Region retrosubs,Group 1 Raw,MEM,6
Region Info,HWThread 11,
RDTSC Runtime [s],1.058845,
call count,1,
Event,Counter,HWThread 11
ACTUAL_CPU_CLOCK,FIXC1,4049601000
MAX_CPU_CLOCK,FIXC2,3593718000
RETIRED_INSTRUCTIONS,PMC0,7536043000
CPU_CLOCKS_UNHALTED,PMC1,4025962000
DRAM_CHANNEL_0,DFC0,73562040
DRAM_CHANNEL_1,DFC1,67384660
TABLE,Region retrosubs,Group 1 Metric,MEM,6
Metric,HWThread 11,
Runtime (RDTSC) [s],1.0588,
Runtime unhalted [s],1.1941,
Clock [MHz],3821.4627,
CPI,0.5342,
Memory bandwidth [MBytes/s],8519.2722,
Memory data volume [GBytes],9.0206,
STRUCT,Info,3
CPU name:,AMD Ryzen 5 2600 Six-Core Processor            ,
CPU type:,AMD K17 (Zen+) architecture,
CPU clock:,3.391262356 GHz,
TABLE,Region calc-residue,Group 1 Raw,MEM,6
Region Info,HWThread 11,
RDTSC Runtime [s],8.445230,
call count,10,
Event,Counter,HWThread 11
ACTUAL_CPU_CLOCK,FIXC1,32038700000
MAX_CPU_CLOCK,FIXC2,28663810000
RETIRED_INSTRUCTIONS,PMC0,70190190000
CPU_CLOCKS_UNHALTED,PMC1,31943250000
DRAM_CHANNEL_0,DFC0,219774100
DRAM_CHANNEL_1,DFC1,172030000
TABLE,Region calc-residue,Group 1 Metric,MEM,6
Metric,HWThread 11,
Runtime (RDTSC) [s],8.4452,
Runtime unhalted [s],9.4474,
Clock [MHz],3790.5511,
CPI,0.4551,
Memory bandwidth [MBytes/s],2969.1864,
Memory data volume [GBytes],25.0755,
