--------------------------------------------------------------------------------
CPU name:	AMD Ryzen 5 2600 Six-Core Processor            
CPU type:	AMD K17 (Zen+) architecture
CPU clock:	3.39 GHz
--------------------------------------------------------------------------------
--------------------------------------------------------------------------------
STRUCT,Info,3
CPU name:,AMD Ryzen 5 2600 Six-Core Processor            ,
CPU type:,AMD K17 (Zen+) architecture,
CPU clock:,3.392750307 GHz,
TABLE,Region lu-factorization,Group 1 Raw,CACHE,6
Region Info,HWThread 11,
RDTSC Runtime [s],0.133369,
call count,1,
Event,Counter,HWThread 11
ACTUAL_CPU_CLOCK,FIXC1,512535800
MAX_CPU_CLOCK,FIXC2,452993400
RETIRED_INSTRUCTIONS,PMC0,1023145000
CPU_CLOCKS_UNHALTED,PMC1,504827500
DATA_CACHE_ACCESSES,PMC2,630172200
DATA_CACHE_REFILLS_ALL,PMC3,3824000
TABLE,Region lu-factorization,Group 1 Metric,CACHE,9
Metric,HWThread 11,
Runtime (RDTSC) [s],0.1334,
Runtime unhalted [s],0.1511,
Clock [MHz],3838.7005,
CPI,0.4934,
data cache requests,630172200,
data cache request rate,0.6159,
data cache misses,3824000,
data cache miss rate,0.0037,
data cache miss ratio,0.0061,
STRUCT,Info,3
CPU name:,AMD Ryzen 5 2600 Six-Core Processor            ,
CPU type:,AMD K17 (Zen+) architecture,
CPU clock:,3.392750307 GHz,
TABLE,Region retrosubs,Group 1 Raw,CACHE,6
Region Info,HWThread 11,
RDTSC Runtime [s],1.060087,
call count,1,
Event,Counter,HWThread 11
ACTUAL_CPU_CLOCK,FIXC1,4046797000
MAX_CPU_CLOCK,FIXC2,3597932000
RETIRED_INSTRUCTIONS,PMC0,7536043000
CPU_CLOCKS_UNHALTED,PMC1,4023214000
DATA_CACHE_ACCESSES,PMC2,3536419000
DATA_CACHE_REFILLS_ALL,PMC3,417698900
TABLE,Region retrosubs,Group 1 Metric,CACHE,9
Metric,HWThread 11,
Runtime (RDTSC) [s],1.0601,
Runtime unhalted [s],1.1928,
Clock [MHz],3816.0176,
CPI,0.5339,
data cache requests,3536419000,
data cache request rate,0.4693,
data cache misses,417698900,
data cache miss rate,0.0554,
data cache miss ratio,0.1181,
STRUCT,Info,3
CPU name:,AMD Ryzen 5 2600 Six-Core Processor            ,
CPU type:,AMD K17 (Zen+) architecture,
CPU clock:,3.392750307 GHz,
TABLE,Region calc-residue,Group 1 Raw,CACHE,6
Region Info,HWThread 11,
RDTSC Runtime [s],8.434127,
call count,10,
Event,Counter,HWThread 11
ACTUAL_CPU_CLOCK,FIXC1,31996700000
MAX_CPU_CLOCK,FIXC2,28626000000
RETIRED_INSTRUCTIONS,PMC0,70190190000
CPU_CLOCKS_UNHALTED,PMC1,31900010000
DATA_CACHE_ACCESSES,PMC2,30153700000
DATA_CACHE_REFILLS_ALL,PMC3,9983706000
TABLE,Region calc-residue,Group 1 Metric,CACHE,9
Metric,HWThread 11,
Runtime (RDTSC) [s],8.4341,
Runtime unhalted [s],9.4309,
Clock [MHz],3792.2453,
CPI,0.4545,
data cache requests,30153700000,
data cache request rate,0.4296,
data cache misses,9983706000,
data cache miss rate,0.1422,
data cache miss ratio,0.3311,
