--------------------------------------------------------------------------------
CPU name:	AMD Ryzen 5 2600 Six-Core Processor            
CPU type:	AMD K17 (Zen+) architecture
CPU clock:	3.39 GHz
--------------------------------------------------------------------------------
--------------------------------------------------------------------------------
STRUCT,Info,3
CPU name:,AMD Ryzen 5 2600 Six-Core Processor            ,
CPU type:,AMD K17 (Zen+) architecture,
CPU clock:,3.393596035 GHz,
TABLE,Region lu-factorization,Group 1 Raw,FLOPS_DP,6
Region Info,HWThread 11,
RDTSC Runtime [s],0.000336,
call count,1,
Event,Counter,HWThread 11
ACTUAL_CPU_CLOCK,FIXC1,1542574
MAX_CPU_CLOCK,FIXC2,1346162
RETIRED_INSTRUCTIONS,PMC0,2606580
CPU_CLOCKS_UNHALTED,PMC1,1234891
RETIRED_SSE_AVX_FLOPS_DOUBLE_ALL,PMC2,1414605
MERGE,PMC3,0
TABLE,Region lu-factorization,Group 1 Metric,FLOPS_DP,5
Metric,HWThread 11,
Runtime (RDTSC) [s],0.0003,
Runtime unhalted [s],0.0005,
Clock [MHz],3888.7393,
CPI,0.4738,
DP [MFLOP/s],4210.2154,
STRUCT,Info,3
CPU name:,AMD Ryzen 5 2600 Six-Core Processor            ,
CPU type:,AMD K17 (Zen+) architecture,
CPU clock:,3.393596035 GHz,
TABLE,Region retrosubs,Group 1 Raw,FLOPS_DP,6
Region Info,HWThread 11,
RDTSC Runtime [s],0.001973,
call count,1,
Event,Counter,HWThread 11
ACTUAL_CPU_CLOCK,FIXC1,7925811
MAX_CPU_CLOCK,FIXC2,6920088
RETIRED_INSTRUCTIONS,PMC0,16713300
CPU_CLOCKS_UNHALTED,PMC1,7603605
RETIRED_SSE_AVX_FLOPS_DOUBLE_ALL,PMC2,4310029
MERGE,PMC3,0
TABLE,Region retrosubs,Group 1 Metric,FLOPS_DP,5
Metric,HWThread 11,
Runtime (RDTSC) [s],0.0020,
Runtime unhalted [s],0.0023,
Clock [MHz],3886.8004,
CPI,0.4549,
DP [MFLOP/s],2183.9950,
STRUCT,Info,3
CPU name:,AMD Ryzen 5 2600 Six-Core Processor            ,
CPU type:,AMD K17 (Zen+) architecture,
CPU clock:,3.393596035 GHz,
TABLE,Region calc-residue,Group 1 Raw,FLOPS_DP,6
Region Info,HWThread 11,
RDTSC Runtime [s],0.015502,
call count,10,
Event,Counter,HWThread 11
ACTUAL_CPU_CLOCK,FIXC1,62516420
MAX_CPU_CLOCK,FIXC2,55051610
RETIRED_INSTRUCTIONS,PMC0,153511600
CPU_CLOCKS_UNHALTED,PMC1,59586950
RETIRED_SSE_AVX_FLOPS_DOUBLE_ALL,PMC2,43100290
MERGE,PMC3,0
TABLE,Region calc-residue,Group 1 Metric,FLOPS_DP,5
Metric,HWThread 11,
Runtime (RDTSC) [s],0.0155,
Runtime unhalted [s],0.0184,
Clock [MHz],3853.7560,
CPI,0.3882,
DP [MFLOP/s],2780.3661,
