--------------------------------------------------------------------------------
CPU name:	AMD Ryzen 5 2600 Six-Core Processor            
CPU type:	AMD K17 (Zen+) architecture
CPU clock:	3.39 GHz
--------------------------------------------------------------------------------
--------------------------------------------------------------------------------
STRUCT,Info,3
CPU name:,AMD Ryzen 5 2600 Six-Core Processor            ,
CPU type:,AMD K17 (Zen+) architecture,
CPU clock:,3.393585731 GHz,
TABLE,Region lu-factorization,Group 1 Raw,FLOPS_DP,6
Region Info,HWThread 11,
RDTSC Runtime [s],0.136869,
call count,1,
Event,Counter,HWThread 11
ACTUAL_CPU_CLOCK,FIXC1,525767100
MAX_CPU_CLOCK,FIXC2,464880700
RETIRED_INSTRUCTIONS,PMC0,1023145000
CPU_CLOCKS_UNHALTED,PMC1,517647300
RETIRED_SSE_AVX_FLOPS_DOUBLE_ALL,PMC2,665666500
MERGE,PMC3,0
TABLE,Region lu-factorization,Group 1 Metric,FLOPS_DP,5
Metric,HWThread 11,
Runtime (RDTSC) [s],0.1369,
Runtime unhalted [s],0.1549,
Clock [MHz],3838.0508,
CPI,0.5059,
DP [MFLOP/s],4863.5265,
STRUCT,Info,3
CPU name:,AMD Ryzen 5 2600 Six-Core Processor            ,
CPU type:,AMD K17 (Zen+) architecture,
CPU clock:,3.393585731 GHz,
TABLE,Region retrosubs,Group 1 Raw,FLOPS_DP,6
Region Info,HWThread 11,
RDTSC Runtime [s],1.058810,
call count,1,
Event,Counter,HWThread 11
ACTUAL_CPU_CLOCK,FIXC1,4034811000
MAX_CPU_CLOCK,FIXC2,3593533000
RETIRED_INSTRUCTIONS,PMC0,7536043000
CPU_CLOCKS_UNHALTED,PMC1,4011603000
RETIRED_SSE_AVX_FLOPS_DOUBLE_ALL,PMC2,2001000000
MERGE,PMC3,0
TABLE,Region retrosubs,Group 1 Metric,FLOPS_DP,5
Metric,HWThread 11,
Runtime (RDTSC) [s],1.0588,
Runtime unhalted [s],1.1890,
Clock [MHz],3810.3106,
CPI,0.5323,
DP [MFLOP/s],1889.8575,
STRUCT,Info,3
CPU name:,AMD Ryzen 5 2600 Six-Core Processor            ,
CPU type:,AMD K17 (Zen+) architecture,
CPU clock:,3.393585731 GHz,
TABLE,Region calc-residue,Group 1 Raw,FLOPS_DP,6
Region Info,HWThread 11,
RDTSC Runtime [s],8.489189,
call count,10,
Event,Counter,HWThread 11
ACTUAL_CPU_CLOCK,FIXC1,32204870000
MAX_CPU_CLOCK,FIXC2,28812510000
RETIRED_INSTRUCTIONS,PMC0,70190190000
CPU_CLOCKS_UNHALTED,PMC1,32111070000
RETIRED_SSE_AVX_FLOPS_DOUBLE_ALL,PMC2,20010000000
MERGE,PMC3,0
TABLE,Region calc-residue,Group 1 Metric,FLOPS_DP,5
Metric,HWThread 11,
Runtime (RDTSC) [s],8.4892,
Runtime unhalted [s],9.4899,
Clock [MHz],3793.1436,
CPI,0.4575,
DP [MFLOP/s],2357.1156,
