--------------------------------------------------------------------------------
CPU name:	AMD Ryzen 5 2600 Six-Core Processor            
CPU type:	AMD K17 (Zen+) architecture
CPU clock:	3.39 GHz
--------------------------------------------------------------------------------
--------------------------------------------------------------------------------
STRUCT,Info,3
CPU name:,AMD Ryzen 5 2600 Six-Core Processor            ,
CPU type:,AMD K17 (Zen+) architecture,
CPU clock:,3.393589971 GHz,
TABLE,Region lu-factorization,Group 1 Raw,CACHE,6
Region Info,HWThread 11,
RDTSC Runtime [s],0.001029,
call count,1,
Event,Counter,HWThread 11
ACTUAL_CPU_CLOCK,FIXC1,1542553
MAX_CPU_CLOCK,FIXC2,4119882
RETIRED_INSTRUCTIONS,PMC0,2606213
CPU_CLOCKS_UNHALTED,PMC1,1240940
DATA_CACHE_ACCESSES,PMC2,1666664
DATA_CACHE_REFILLS_ALL,PMC3,28964
TABLE,Region lu-factorization,Group 1 Metric,CACHE,9
Metric,HWThread 11,
Runtime (RDTSC) [s],0.0010,
Runtime unhalted [s],0.0005,
Clock [MHz],1270.6171,
CPI,0.4761,
data cache requests,1666664,
data cache request rate,0.6395,
data cache misses,28964,
data cache miss rate,0.0111,
data cache miss ratio,0.0174,
STRUCT,Info,3
CPU name:,AMD Ryzen 5 2600 Six-Core Processor            ,
CPU type:,AMD K17 (Zen+) architecture,
CPU clock:,3.393589971 GHz,
TABLE,Region retrosubs,Group 1 Raw,CACHE,6
Region Info,HWThread 11,
RDTSC Runtime [s],0.006032,
call count,1,
Event,Counter,HWThread 11
ACTUAL_CPU_CLOCK,FIXC1,7889624
MAX_CPU_CLOCK,FIXC2,21103020
RETIRED_INSTRUCTIONS,PMC0,16713300
CPU_CLOCKS_UNHALTED,PMC1,7555946
DATA_CACHE_ACCESSES,PMC2,7861271
DATA_CACHE_REFILLS_ALL,PMC3,93126
TABLE,Region retrosubs,Group 1 Metric,CACHE,9
Metric,HWThread 11,
Runtime (RDTSC) [s],0.0060,
Runtime unhalted [s],0.0023,
Clock [MHz],1268.7354,
CPI,0.4521,
data cache requests,7861271,
data cache request rate,0.4704,
data cache misses,93126,
data cache miss rate,0.0056,
data cache miss ratio,0.0118,
STRUCT,Info,3
CPU name:,AMD Ryzen 5 2600 Six-Core Processor            ,
CPU type:,AMD K17 (Zen+) architecture,
CPU clock:,3.393589971 GHz,
TABLE,Region calc-residue,Group 1 Raw,CACHE,6
Region Info,HWThread 11,
RDTSC Runtime [s],0.015610,
call count,10,
Event,Counter,HWThread 11
ACTUAL_CPU_CLOCK,FIXC1,62915100
MAX_CPU_CLOCK,FIXC2,55419630
RETIRED_INSTRUCTIONS,PMC0,153511600
CPU_CLOCKS_UNHALTED,PMC1,59868680
DATA_CACHE_ACCESSES,PMC2,65451330
DATA_CACHE_REFILLS_ALL,PMC3,73877
TABLE,Region calc-residue,Group 1 Metric,CACHE,9
Metric,HWThread 11,
Runtime (RDTSC) [s],0.0156,
Runtime unhalted [s],0.0185,
Clock [MHz],3852.5709,
CPI,0.3900,
data cache requests,65451330,
data cache request rate,0.4264,
data cache misses,73877,
data cache miss rate,0.0005,
data cache miss ratio,0.0011,
