--------------------------------------------------------------------------------
CPU name:	AMD Ryzen 5 2600 Six-Core Processor            
CPU type:	AMD K17 (Zen+) architecture
CPU clock:	3.39 GHz
--------------------------------------------------------------------------------
--------------------------------------------------------------------------------
STRUCT,Info,3
CPU name:,AMD Ryzen 5 2600 Six-Core Processor            ,
CPU type:,AMD K17 (Zen+) architecture,
CPU clock:,3.39325489 GHz,
TABLE,Region lu-factorization,Group 1 Raw,FLOPS_DP,6
Region Info,HWThread 11,
RDTSC Runtime [s],0.000329,
call count,1,
Event,Counter,HWThread 11
ACTUAL_CPU_CLOCK,FIXC1,1520906
MAX_CPU_CLOCK,FIXC2,1326306
RETIRED_INSTRUCTIONS,PMC0,2550923
CPU_CLOCKS_UNHALTED,PMC1,1202773
RETIRED_SSE_AVX_FLOPS_DOUBLE_ALL,PMC2,1381709
MERGE,PMC3,0
TABLE,Region lu-factorization,Group 1 Metric,FLOPS_DP,5
Metric,HWThread 11,
Runtime (RDTSC) [s],0.0003,
Runtime unhalted [s],0.0004,
Clock [MHz],3891.1245,
CPI,0.4715,
DP [MFLOP/s],4194.9929,
STRUCT,Info,3
CPU name:,AMD Ryzen 5 2600 Six-Core Processor            ,
CPU type:,AMD K17 (Zen+) architecture,
CPU clock:,3.39325489 GHz,
TABLE,Region retrosubs,Group 1 Raw,FLOPS_DP,6
Region Info,HWThread 11,
RDTSC Runtime [s],0.001947,
call count,1,
Event,Counter,HWThread 11
ACTUAL_CPU_CLOCK,FIXC1,7810213
MAX_CPU_CLOCK,FIXC2,6810268
RETIRED_INSTRUCTIONS,PMC0,16332640
CPU_CLOCKS_UNHALTED,PMC1,7469467
RETIRED_SSE_AVX_FLOPS_DOUBLE_ALL,PMC2,4210698
MERGE,PMC3,0
TABLE,Region retrosubs,Group 1 Metric,FLOPS_DP,5
Metric,HWThread 11,
Runtime (RDTSC) [s],0.0019,
Runtime unhalted [s],0.0023,
Clock [MHz],3891.4832,
CPI,0.4573,
DP [MFLOP/s],2162.6917,
STRUCT,Info,3
CPU name:,AMD Ryzen 5 2600 Six-Core Processor            ,
CPU type:,AMD K17 (Zen+) architecture,
CPU clock:,3.39325489 GHz,
TABLE,Region calc-residue,Group 1 Raw,FLOPS_DP,6
Region Info,HWThread 11,
RDTSC Runtime [s],0.015536,
call count,10,
Event,Counter,HWThread 11
ACTUAL_CPU_CLOCK,FIXC1,62703660
MAX_CPU_CLOCK,FIXC2,55054600
RETIRED_INSTRUCTIONS,PMC0,149995100
CPU_CLOCKS_UNHALTED,PMC1,59786480
RETIRED_SSE_AVX_FLOPS_DOUBLE_ALL,PMC2,42106980
MERGE,PMC3,0
TABLE,Region calc-residue,Group 1 Metric,FLOPS_DP,5
Metric,HWThread 11,
Runtime (RDTSC) [s],0.0155,
Runtime unhalted [s],0.0185,
Clock [MHz],3864.6998,
CPI,0.3986,
DP [MFLOP/s],2710.2985,
