--------------------------------------------------------------------------------
CPU name:	AMD Ryzen 5 2600 Six-Core Processor            
CPU type:	AMD K17 (Zen+) architecture
CPU clock:	3.39 GHz
--------------------------------------------------------------------------------
--------------------------------------------------------------------------------
STRUCT,Info,3
CPU name:,AMD Ryzen 5 2600 Six-Core Processor            ,
CPU type:,AMD K17 (Zen+) architecture,
CPU clock:,3.393466559 GHz,
TABLE,Region lu-factorization,Group 1 Raw,FLOPS_DP,6
Region Info,HWThread 11,
RDTSC Runtime [s],0.002371,
call count,1,
Event,Counter,HWThread 11
ACTUAL_CPU_CLOCK,FIXC1,9476619
MAX_CPU_CLOCK,FIXC2,8263768
RETIRED_INSTRUCTIONS,PMC0,18619410
CPU_CLOCKS_UNHALTED,PMC1,8843477
RETIRED_SSE_AVX_FLOPS_DOUBLE_ALL,PMC2,11250570
MERGE,PMC3,0
TABLE,Region lu-factorization,Group 1 Metric,FLOPS_DP,5
Metric,HWThread 11,
Runtime (RDTSC) [s],0.0024,
Runtime unhalted [s],0.0028,
Clock [MHz],3891.5165,
CPI,0.4750,
DP [MFLOP/s],4744.4255,
STRUCT,Info,3
CPU name:,AMD Ryzen 5 2600 Six-Core Processor            ,
CPU type:,AMD K17 (Zen+) architecture,
CPU clock:,3.393466559 GHz,
TABLE,Region retrosubs,Group 1 Raw,FLOPS_DP,6
Region Info,HWThread 11,
RDTSC Runtime [s],0.014690,
call count,1,
Event,Counter,HWThread 11
ACTUAL_CPU_CLOCK,FIXC1,57465110
MAX_CPU_CLOCK,FIXC2,50101860
RETIRED_INSTRUCTIONS,PMC0,129708700
CPU_CLOCKS_UNHALTED,PMC1,56776020
RETIRED_SSE_AVX_FLOPS_DOUBLE_ALL,PMC2,34015240
MERGE,PMC3,0
TABLE,Region retrosubs,Group 1 Metric,FLOPS_DP,5
Metric,HWThread 11,
Runtime (RDTSC) [s],0.0147,
Runtime unhalted [s],0.0169,
Clock [MHz],3892.1894,
CPI,0.4377,
DP [MFLOP/s],2315.5529,
STRUCT,Info,3
CPU name:,AMD Ryzen 5 2600 Six-Core Processor            ,
CPU type:,AMD K17 (Zen+) architecture,
CPU clock:,3.393466559 GHz,
TABLE,Region calc-residue,Group 1 Raw,FLOPS_DP,6
Region Info,HWThread 11,
RDTSC Runtime [s],0.131952,
call count,10,
Event,Counter,HWThread 11
ACTUAL_CPU_CLOCK,FIXC1,508095600
MAX_CPU_CLOCK,FIXC2,450370100
RETIRED_INSTRUCTIONS,PMC0,1200868000
CPU_CLOCKS_UNHALTED,PMC1,504070400
RETIRED_SSE_AVX_FLOPS_DOUBLE_ALL,PMC2,340152400
MERGE,PMC3,0
TABLE,Region calc-residue,Group 1 Metric,FLOPS_DP,5
Metric,HWThread 11,
Runtime (RDTSC) [s],0.1320,
Runtime unhalted [s],0.1497,
Clock [MHz],3828.4190,
CPI,0.4198,
DP [MFLOP/s],2577.8417,
