--------------------------------------------------------------------------------
CPU name:	AMD Ryzen 5 2600 Six-Core Processor            
CPU type:	AMD K17 (Zen+) architecture
CPU clock:	3.39 GHz
--------------------------------------------------------------------------------
--------------------------------------------------------------------------------
STRUCT,Info,3
CPU name:,AMD Ryzen 5 2600 Six-Core Processor            ,
CPU type:,AMD K17 (Zen+) architecture,
CPU clock:,3.393591969 GHz,
TABLE,Region lu-factorization,Group 1 Raw,MEM,6
Region Info,HWThread 11,
RDTSC Runtime [s],0.002284,
call count,1,
Event,Counter,HWThread 11
ACTUAL_CPU_CLOCK,FIXC1,9136783
MAX_CPU_CLOCK,FIXC2,7972490
RETIRED_INSTRUCTIONS,PMC0,18409270
CPU_CLOCKS_UNHALTED,PMC1,8470120
DRAM_CHANNEL_0,DFC0,8770
DRAM_CHANNEL_1,DFC1,7156
TABLE,Region lu-factorization,Group 1 Metric,MEM,6
Metric,HWThread 11,
Runtime (RDTSC) [s],0.0023,
Runtime unhalted [s],0.0027,
Clock [MHz],3889.1881,
CPI,0.4601,
Memory bandwidth [MBytes/s],446.2772,
Memory data volume [GBytes],0.0010,
STRUCT,Info,3
CPU name:,AMD Ryzen 5 2600 Six-Core Processor            ,
CPU type:,AMD K17 (Zen+) architecture,
CPU clock:,3.393591969 GHz,
TABLE,Region retrosubs,Group 1 Raw,MEM,6
Region Info,HWThread 11,
RDTSC Runtime [s],0.046076,
call count,1,
Event,Counter,HWThread 11
ACTUAL_CPU_CLOCK,FIXC1,179643200
MAX_CPU_CLOCK,FIXC2,156614800
RETIRED_INSTRUCTIONS,PMC0,128210200
CPU_CLOCKS_UNHALTED,PMC1,178507000
DRAM_CHANNEL_0,DFC0,18465
DRAM_CHANNEL_1,DFC1,15065
TABLE,Region retrosubs,Group 1 Metric,MEM,6
Metric,HWThread 11,
Runtime (RDTSC) [s],0.0461,
Runtime unhalted [s],0.0529,
Clock [MHz],3892.5805,
CPI,1.3923,
Memory bandwidth [MBytes/s],46.5730,
Memory data volume [GBytes],0.0021,
STRUCT,Info,3
CPU name:,AMD Ryzen 5 2600 Six-Core Processor            ,
CPU type:,AMD K17 (Zen+) architecture,
CPU clock:,3.393591969 GHz,
TABLE,Region calc-residue,Group 1 Raw,MEM,6
Region Info,HWThread 11,
RDTSC Runtime [s],0.340334,
call count,10,
Event,Counter,HWThread 11
ACTUAL_CPU_CLOCK,FIXC1,1324909000
MAX_CPU_CLOCK,FIXC2,1157788000
RETIRED_INSTRUCTIONS,PMC0,1186954000
CPU_CLOCKS_UNHALTED,PMC1,1320238000
DRAM_CHANNEL_0,DFC0,774275
DRAM_CHANNEL_1,DFC1,685483
TABLE,Region calc-residue,Group 1 Metric,MEM,6
Metric,HWThread 11,
Runtime (RDTSC) [s],0.3403,
Runtime unhalted [s],0.3904,
Clock [MHz],3883.4403,
CPI,1.1123,
Memory bandwidth [MBytes/s],274.5086,
Memory data volume [GBytes],0.0934,
