--------------------------------------------------------------------------------
CPU name:	AMD Ryzen 5 2600 Six-Core Processor            
CPU type:	AMD K17 (Zen+) architecture
CPU clock:	3.39 GHz
--------------------------------------------------------------------------------
--------------------------------------------------------------------------------
STRUCT,Info,3
CPU name:,AMD Ryzen 5 2600 Six-Core Processor            ,
CPU type:,AMD K17 (Zen+) architecture,
CPU clock:,3.393391479 GHz,
TABLE,Region lu-factorization,Group 1 Raw,MEM,6
Region Info,HWThread 11,
RDTSC Runtime [s],0.005173,
call count,1,
Event,Counter,HWThread 11
ACTUAL_CPU_CLOCK,FIXC1,9470293
MAX_CPU_CLOCK,FIXC2,18116700
RETIRED_INSTRUCTIONS,PMC0,18618660
CPU_CLOCKS_UNHALTED,PMC1,8842273
DRAM_CHANNEL_0,DFC0,11326
DRAM_CHANNEL_1,DFC1,9130
TABLE,Region lu-factorization,Group 1 Metric,MEM,6
Metric,HWThread 11,
Runtime (RDTSC) [s],0.0052,
Runtime unhalted [s],0.0028,
Clock [MHz],1773.8557,
CPI,0.4749,
Memory bandwidth [MBytes/s],253.0755,
Memory data volume [GBytes],0.0013,
STRUCT,Info,3
CPU name:,AMD Ryzen 5 2600 Six-Core Processor            ,
CPU type:,AMD K17 (Zen+) architecture,
CPU clock:,3.393391479 GHz,
TABLE,Region retrosubs,Group 1 Raw,MEM,6
Region Info,HWThread 11,
RDTSC Runtime [s],0.014684,
call count,1,
Event,Counter,HWThread 11
ACTUAL_CPU_CLOCK,FIXC1,57446530
MAX_CPU_CLOCK,FIXC2,50084280
RETIRED_INSTRUCTIONS,PMC0,129708800
CPU_CLOCKS_UNHALTED,PMC1,56561810
DRAM_CHANNEL_0,DFC0,37626
DRAM_CHANNEL_1,DFC1,32393
TABLE,Region retrosubs,Group 1 Metric,MEM,6
Metric,HWThread 11,
Runtime (RDTSC) [s],0.0147,
Runtime unhalted [s],0.0169,
Clock [MHz],3892.2106,
CPI,0.4361,
Memory bandwidth [MBytes/s],305.1762,
Memory data volume [GBytes],0.0045,
STRUCT,Info,3
CPU name:,AMD Ryzen 5 2600 Six-Core Processor            ,
CPU type:,AMD K17 (Zen+) architecture,
CPU clock:,3.393391479 GHz,
TABLE,Region calc-residue,Group 1 Raw,MEM,6
Region Info,HWThread 11,
RDTSC Runtime [s],0.132605,
call count,10,
Event,Counter,HWThread 11
ACTUAL_CPU_CLOCK,FIXC1,511200400
MAX_CPU_CLOCK,FIXC2,452658700
RETIRED_INSTRUCTIONS,PMC0,1200868000
CPU_CLOCKS_UNHALTED,PMC1,507403200
DRAM_CHANNEL_0,DFC0,390169
DRAM_CHANNEL_1,DFC1,353430
TABLE,Region calc-residue,Group 1 Metric,MEM,6
Metric,HWThread 11,
Runtime (RDTSC) [s],0.1326,
Runtime unhalted [s],0.1506,
Clock [MHz],3832.2539,
CPI,0.4225,
Memory bandwidth [MBytes/s],358.8882,
Memory data volume [GBytes],0.0476,
