--------------------------------------------------------------------------------
CPU name:	AMD Ryzen 5 2600 Six-Core Processor            
CPU type:	AMD K17 (Zen+) architecture
CPU clock:	3.39 GHz
--------------------------------------------------------------------------------
--------------------------------------------------------------------------------
STRUCT,Info,3
CPU name:,AMD Ryzen 5 2600 Six-Core Processor            ,
CPU type:,AMD K17 (Zen+) architecture,
CPU clock:,3.390884189 GHz,
TABLE,Region lu-factorization,Group 1 Raw,MEM,6
Region Info,HWThread 11,
RDTSC Runtime [s],2.848691,
call count,1,
Event,Counter,HWThread 11
ACTUAL_CPU_CLOCK,FIXC1,11075260000
MAX_CPU_CLOCK,FIXC2,9661296000
RETIRED_INSTRUCTIONS,PMC0,8091677000
CPU_CLOCKS_UNHALTED,PMC1,11001150000
DRAM_CHANNEL_0,DFC0,331987000
DRAM_CHANNEL_1,DFC1,312345700
TABLE,Region lu-factorization,Group 1 Metric,MEM,6
Metric,HWThread 11,
Runtime (RDTSC) [s],2.8487,
Runtime unhalted [s],3.2662,
Clock [MHz],3887.1518,
CPI,1.3596,
Memory bandwidth [MBytes/s],14475.8743,
Memory data volume [GBytes],41.2373,
STRUCT,Info,3
CPU name:,AMD Ryzen 5 2600 Six-Core Processor            ,
CPU type:,AMD K17 (Zen+) architecture,
CPU clock:,3.390884189 GHz,
TABLE,Region retrosubs,Group 1 Raw,MEM,6
Region Info,HWThread 11,
RDTSC Runtime [s],9.579575,
call count,1,
Event,Counter,HWThread 11
ACTUAL_CPU_CLOCK,FIXC1,36418130000
MAX_CPU_CLOCK,FIXC2,32487940000
RETIRED_INSTRUCTIONS,PMC0,60144090000
CPU_CLOCKS_UNHALTED,PMC1,36251910000
DRAM_CHANNEL_0,DFC0,653928200
DRAM_CHANNEL_1,DFC1,609089300
TABLE,Region retrosubs,Group 1 Metric,MEM,6
Metric,HWThread 11,
Runtime (RDTSC) [s],9.5796,
Runtime unhalted [s],10.7400,
Clock [MHz],3801.0924,
CPI,0.6028,
Memory bandwidth [MBytes/s],8438.0695,
Memory data volume [GBytes],80.8331,
STRUCT,Info,3
CPU name:,AMD Ryzen 5 2600 Six-Core Processor            ,
CPU type:,AMD K17 (Zen+) architecture,
CPU clock:,3.390884189 GHz,
TABLE,Region calc-residue,Group 1 Raw,MEM,6
Region Info,HWThread 11,
RDTSC Runtime [s],162.714700,
call count,10,
Event,Counter,HWThread 11
ACTUAL_CPU_CLOCK,FIXC1,621975900000
MAX_CPU_CLOCK,FIXC2,551823900000
RETIRED_INSTRUCTIONS,PMC0,560760400000
CPU_CLOCKS_UNHALTED,PMC1,619736800000
DRAM_CHANNEL_0,DFC0,5421833000
DRAM_CHANNEL_1,DFC1,4828408000
TABLE,Region calc-residue,Group 1 Metric,MEM,6
Metric,HWThread 11,
Runtime (RDTSC) [s],162.7147,
Runtime unhalted [s],183.4259,
Clock [MHz],3821.9589,
CPI,1.1052,
Memory bandwidth [MBytes/s],4031.6912,
Memory data volume [GBytes],656.0154,
