--------------------------------------------------------------------------------
CPU name:	AMD Ryzen 5 2600 Six-Core Processor            
CPU type:	AMD K17 (Zen+) architecture
CPU clock:	3.39 GHz
--------------------------------------------------------------------------------
--------------------------------------------------------------------------------
STRUCT,Info,3
CPU name:,AMD Ryzen 5 2600 Six-Core Processor            ,
CPU type:,AMD K17 (Zen+) architecture,
CPU clock:,3.393591378 GHz,
TABLE,Region lu-factorization,Group 1 Raw,CACHE,6
Region Info,HWThread 11,
RDTSC Runtime [s],0.002274,
call count,1,
Event,Counter,HWThread 11
ACTUAL_CPU_CLOCK,FIXC1,9094117
MAX_CPU_CLOCK,FIXC2,7933220
RETIRED_INSTRUCTIONS,PMC0,18409690
CPU_CLOCKS_UNHALTED,PMC1,8476623
DATA_CACHE_ACCESSES,PMC2,11186870
DATA_CACHE_REFILLS_ALL,PMC3,158919
TABLE,Region lu-factorization,Group 1 Metric,CACHE,9
Metric,HWThread 11,
Runtime (RDTSC) [s],0.0023,
Runtime unhalted [s],0.0027,
Clock [MHz],3890.1880,
CPI,0.4604,
data cache requests,11186870,
data cache request rate,0.6077,
data cache misses,158919,
data cache miss rate,0.0086,
data cache miss ratio,0.0142,
STRUCT,Info,3
CPU name:,AMD Ryzen 5 2600 Six-Core Processor            ,
CPU type:,AMD K17 (Zen+) architecture,
CPU clock:,3.393591378 GHz,
TABLE,Region retrosubs,Group 1 Raw,CACHE,6
Region Info,HWThread 11,
RDTSC Runtime [s],0.046394,
call count,1,
Event,Counter,HWThread 11
ACTUAL_CPU_CLOCK,FIXC1,180884900
MAX_CPU_CLOCK,FIXC2,157696400
RETIRED_INSTRUCTIONS,PMC0,128210200
CPU_CLOCKS_UNHALTED,PMC1,179716100
DATA_CACHE_ACCESSES,PMC2,67041630
DATA_CACHE_REFILLS_ALL,PMC3,21181520
TABLE,Region retrosubs,Group 1 Metric,CACHE,9
Metric,HWThread 11,
Runtime (RDTSC) [s],0.0464,
Runtime unhalted [s],0.0533,
Clock [MHz],3892.6027,
CPI,1.4017,
data cache requests,67041630,
data cache request rate,0.5229,
data cache misses,21181520,
data cache miss rate,0.1652,
data cache miss ratio,0.3159,
STRUCT,Info,3
CPU name:,AMD Ryzen 5 2600 Six-Core Processor            ,
CPU type:,AMD K17 (Zen+) architecture,
CPU clock:,3.393591378 GHz,
TABLE,Region calc-residue,Group 1 Raw,CACHE,6
Region Info,HWThread 11,
RDTSC Runtime [s],0.338691,
call count,10,
Event,Counter,HWThread 11
ACTUAL_CPU_CLOCK,FIXC1,1320135000
MAX_CPU_CLOCK,FIXC2,1151980000
RETIRED_INSTRUCTIONS,PMC0,1186954000
CPU_CLOCKS_UNHALTED,PMC1,1315599000
DATA_CACHE_ACCESSES,PMC2,517982100
DATA_CACHE_REFILLS_ALL,PMC3,165457600
TABLE,Region calc-residue,Group 1 Metric,CACHE,9
Metric,HWThread 11,
Runtime (RDTSC) [s],0.3387,
Runtime unhalted [s],0.3890,
Clock [MHz],3888.9553,
CPI,1.1084,
data cache requests,517982100,
data cache request rate,0.4364,
data cache misses,165457600,
data cache miss rate,0.1394,
data cache miss ratio,0.3194,
