--------------------------------------------------------------------------------
CPU name:	AMD Ryzen 5 2600 Six-Core Processor            
CPU type:	AMD K17 (Zen+) architecture
CPU clock:	3.39 GHz
--------------------------------------------------------------------------------
--------------------------------------------------------------------------------
STRUCT,Info,3
CPU name:,AMD Ryzen 5 2600 Six-Core Processor            ,
CPU type:,AMD K17 (Zen+) architecture,
CPU clock:,3.393590139 GHz,
TABLE,Region lu-factorization,Group 1 Raw,CACHE,6
Region Info,HWThread 11,
RDTSC Runtime [s],0.005661,
call count,1,
Event,Counter,HWThread 11
ACTUAL_CPU_CLOCK,FIXC1,9618266
MAX_CPU_CLOCK,FIXC2,20175670
RETIRED_INSTRUCTIONS,PMC0,18619070
CPU_CLOCKS_UNHALTED,PMC1,8835656
DATA_CACHE_ACCESSES,PMC2,12155310
DATA_CACHE_REFILLS_ALL,PMC3,153071
TABLE,Region lu-factorization,Group 1 Metric,CACHE,9
Metric,HWThread 11,
Runtime (RDTSC) [s],0.0057,
Runtime unhalted [s],0.0028,
Clock [MHz],1617.8126,
CPI,0.4745,
data cache requests,12155310,
data cache request rate,0.6528,
data cache misses,153071,
data cache miss rate,0.0082,
data cache miss ratio,0.0126,
STRUCT,Info,3
CPU name:,AMD Ryzen 5 2600 Six-Core Processor            ,
CPU type:,AMD K17 (Zen+) architecture,
CPU clock:,3.393590139 GHz,
TABLE,Region retrosubs,Group 1 Raw,CACHE,6
Region Info,HWThread 11,
RDTSC Runtime [s],0.014787,
call count,1,
Event,Counter,HWThread 11
ACTUAL_CPU_CLOCK,FIXC1,57789960
MAX_CPU_CLOCK,FIXC2,50473480
RETIRED_INSTRUCTIONS,PMC0,129708700
CPU_CLOCKS_UNHALTED,PMC1,56840670
DATA_CACHE_ACCESSES,PMC2,60925540
DATA_CACHE_REFILLS_ALL,PMC3,459802
TABLE,Region retrosubs,Group 1 Metric,CACHE,9
Metric,HWThread 11,
Runtime (RDTSC) [s],0.0148,
Runtime unhalted [s],0.0170,
Clock [MHz],3885.5145,
CPI,0.4382,
data cache requests,60925540,
data cache request rate,0.4697,
data cache misses,459802,
data cache miss rate,0.0035,
data cache miss ratio,0.0075,
STRUCT,Info,3
CPU name:,AMD Ryzen 5 2600 Six-Core Processor            ,
CPU type:,AMD K17 (Zen+) architecture,
CPU clock:,3.393590139 GHz,
TABLE,Region calc-residue,Group 1 Raw,CACHE,6
Region Info,HWThread 11,
RDTSC Runtime [s],0.130936,
call count,10,
Event,Counter,HWThread 11
ACTUAL_CPU_CLOCK,FIXC1,503826500
MAX_CPU_CLOCK,FIXC2,447053000
RETIRED_INSTRUCTIONS,PMC0,1200868000
CPU_CLOCKS_UNHALTED,PMC1,500079100
DATA_CACHE_ACCESSES,PMC2,514865100
DATA_CACHE_REFILLS_ALL,PMC3,1531483
TABLE,Region calc-residue,Group 1 Metric,CACHE,9
Metric,HWThread 11,
Runtime (RDTSC) [s],0.1309,
Runtime unhalted [s],0.1485,
Clock [MHz],3824.5592,
CPI,0.4164,
data cache requests,514865100,
data cache request rate,0.4287,
data cache misses,1531483,
data cache miss rate,0.0013,
data cache miss ratio,0.0030,
