--------------------------------------------------------------------------------
CPU name:	AMD Ryzen 5 2600 Six-Core Processor            
CPU type:	AMD K17 (Zen+) architecture
CPU clock:	3.39 GHz
--------------------------------------------------------------------------------
--------------------------------------------------------------------------------
STRUCT,Info,3
CPU name:,AMD Ryzen 5 2600 Six-Core Processor            ,
CPU type:,AMD K17 (Zen+) architecture,
CPU clock:,3.393497882 GHz,
TABLE,Region lu-factorization,Group 1 Raw,FLOPS_DP,6
Region Info,HWThread 11,
RDTSC Runtime [s],0.000014,
call count,1,
Event,Counter,HWThread 11
ACTUAL_CPU_CLOCK,FIXC1,284501
MAX_CPU_CLOCK,FIXC2,248030
RETIRED_INSTRUCTIONS,PMC0,84668
CPU_CLOCKS_UNHALTED,PMC1,71174
RETIRED_SSE_AVX_FLOPS_DOUBLE_ALL,PMC2,22909
MERGE,PMC3,0
TABLE,Region lu-factorization,Group 1 Metric,FLOPS_DP,5
Metric,HWThread 11,
Runtime (RDTSC) [s],1.445768e-05,
Runtime unhalted [s],0.0001,
Clock [MHz],3892.4870,
CPI,0.8406,
DP [MFLOP/s],1584.5558,
STRUCT,Info,3
CPU name:,AMD Ryzen 5 2600 Six-Core Processor            ,
CPU type:,AMD K17 (Zen+) architecture,
CPU clock:,3.393497882 GHz,
TABLE,Region retrosubs,Group 1 Raw,FLOPS_DP,6
Region Info,HWThread 11,
RDTSC Runtime [s],0.000043,
call count,1,
Event,Counter,HWThread 11
ACTUAL_CPU_CLOCK,FIXC1,392013
MAX_CPU_CLOCK,FIXC2,341632
RETIRED_INSTRUCTIONS,PMC0,317269
CPU_CLOCKS_UNHALTED,PMC1,182472
RETIRED_SSE_AVX_FLOPS_DOUBLE_ALL,PMC2,72973
MERGE,PMC3,0
TABLE,Region retrosubs,Group 1 Metric,FLOPS_DP,5
Metric,HWThread 11,
Runtime (RDTSC) [s],4.317267e-05,
Runtime unhalted [s],0.0001,
Clock [MHz],3893.9423,
CPI,0.5751,
DP [MFLOP/s],1690.2591,
STRUCT,Info,3
CPU name:,AMD Ryzen 5 2600 Six-Core Processor            ,
CPU type:,AMD K17 (Zen+) architecture,
CPU clock:,3.393497882 GHz,
TABLE,Region calc-residue,Group 1 Raw,FLOPS_DP,6
Region Info,HWThread 11,
RDTSC Runtime [s],0.000285,
call count,10,
Event,Counter,HWThread 11
ACTUAL_CPU_CLOCK,FIXC1,3296788
MAX_CPU_CLOCK,FIXC2,2865554
RETIRED_INSTRUCTIONS,PMC0,2792578
CPU_CLOCKS_UNHALTED,PMC1,1279920
RETIRED_SSE_AVX_FLOPS_DOUBLE_ALL,PMC2,729730
MERGE,PMC3,0
TABLE,Region calc-residue,Group 1 Metric,FLOPS_DP,5
Metric,HWThread 11,
Runtime (RDTSC) [s],0.0003,
Runtime unhalted [s],0.0010,
Clock [MHz],3904.1816,
CPI,0.4583,
DP [MFLOP/s],2558.1565,
