--------------------------------------------------------------------------------
CPU name:	AMD Ryzen 5 2600 Six-Core Processor            
CPU type:	AMD K17 (Zen+) architecture
CPU clock:	3.39 GHz
--------------------------------------------------------------------------------
--------------------------------------------------------------------------------
STRUCT,Info,3
CPU name:,AMD Ryzen 5 2600 Six-Core Processor            ,
CPU type:,AMD K17 (Zen+) architecture,
CPU clock:,3.391332111 GHz,
TABLE,Region lu-factorization,Group 1 Raw,MEM,6
Region Info,HWThread 11,
RDTSC Runtime [s],0.000021,
call count,1,
Event,Counter,HWThread 11
ACTUAL_CPU_CLOCK,FIXC1,326464
MAX_CPU_CLOCK,FIXC2,391238
RETIRED_INSTRUCTIONS,PMC0,78195
CPU_CLOCKS_UNHALTED,PMC1,76386
DRAM_CHANNEL_0,DFC0,128
DRAM_CHANNEL_1,DFC1,125
TABLE,Region lu-factorization,Group 1 Metric,MEM,6
Metric,HWThread 11,
Runtime (RDTSC) [s],2.137197e-05,
Runtime unhalted [s],0.0001,
Clock [MHz],2829.8576,
CPI,0.9769,
Memory bandwidth [MBytes/s],757.6279,
Memory data volume [GBytes],1.619200e-05,
STRUCT,Info,3
CPU name:,AMD Ryzen 5 2600 Six-Core Processor            ,
CPU type:,AMD K17 (Zen+) architecture,
CPU clock:,3.391332111 GHz,
TABLE,Region retrosubs,Group 1 Raw,MEM,6
Region Info,HWThread 11,
RDTSC Runtime [s],0.000058,
call count,1,
Event,Counter,HWThread 11
ACTUAL_CPU_CLOCK,FIXC1,409383
MAX_CPU_CLOCK,FIXC2,494700
RETIRED_INSTRUCTIONS,PMC0,291235
CPU_CLOCKS_UNHALTED,PMC1,180724
DRAM_CHANNEL_0,DFC0,71
DRAM_CHANNEL_1,DFC1,76
TABLE,Region retrosubs,Group 1 Metric,MEM,6
Metric,HWThread 11,
Runtime (RDTSC) [s],0.0001,
Runtime unhalted [s],0.0001,
Clock [MHz],2806.4559,
CPI,0.6205,
Memory bandwidth [MBytes/s],160.9724,
Memory data volume [GBytes],9.408000e-06,
STRUCT,Info,3
CPU name:,AMD Ryzen 5 2600 Six-Core Processor            ,
CPU type:,AMD K17 (Zen+) architecture,
CPU clock:,3.391332111 GHz,
TABLE,Region calc-residue,Group 1 Raw,MEM,6
Region Info,HWThread 11,
RDTSC Runtime [s],0.000511,
call count,10,
Event,Counter,HWThread 11
ACTUAL_CPU_CLOCK,FIXC1,3990675
MAX_CPU_CLOCK,FIXC2,4905112
RETIRED_INSTRUCTIONS,PMC0,2558379
CPU_CLOCKS_UNHALTED,PMC1,1602206
DRAM_CHANNEL_0,DFC0,3461
DRAM_CHANNEL_1,DFC1,2425
TABLE,Region calc-residue,Group 1 Metric,MEM,6
Metric,HWThread 11,
Runtime (RDTSC) [s],0.0005,
Runtime unhalted [s],0.0012,
Clock [MHz],2759.1020,
CPI,0.6263,
Memory bandwidth [MBytes/s],737.6041,
Memory data volume [GBytes],0.0004,
