--------------------------------------------------------------------------------
CPU name:	AMD Ryzen 5 2600 Six-Core Processor            
CPU type:	AMD K17 (Zen+) architecture
CPU clock:	3.39 GHz
--------------------------------------------------------------------------------
--------------------------------------------------------------------------------
STRUCT,Info,3
CPU name:,AMD Ryzen 5 2600 Six-Core Processor            ,
CPU type:,AMD K17 (Zen+) architecture,
CPU clock:,3.393588255 GHz,
TABLE,Region lu-factorization,Group 1 Raw,MEM,6
Region Info,HWThread 11,
RDTSC Runtime [s],0.000017,
call count,1,
Event,Counter,HWThread 11
ACTUAL_CPU_CLOCK,FIXC1,320168
MAX_CPU_CLOCK,FIXC2,278936
RETIRED_INSTRUCTIONS,PMC0,83895
CPU_CLOCKS_UNHALTED,PMC1,82584
DRAM_CHANNEL_0,DFC0,173
DRAM_CHANNEL_1,DFC1,135
TABLE,Region lu-factorization,Group 1 Metric,MEM,6
Metric,HWThread 11,
Runtime (RDTSC) [s],1.661130e-05,
Runtime unhalted [s],0.0001,
Clock [MHz],3895.2246,
CPI,0.9844,
Memory bandwidth [MBytes/s],1186.6621,
Memory data volume [GBytes],1.971200e-05,
STRUCT,Info,3
CPU name:,AMD Ryzen 5 2600 Six-Core Processor            ,
CPU type:,AMD K17 (Zen+) architecture,
CPU clock:,3.393588255 GHz,
TABLE,Region retrosubs,Group 1 Raw,MEM,6
Region Info,HWThread 11,
RDTSC Runtime [s],0.000046,
call count,1,
Event,Counter,HWThread 11
ACTUAL_CPU_CLOCK,FIXC1,423328
MAX_CPU_CLOCK,FIXC2,369478
RETIRED_INSTRUCTIONS,PMC0,317279
CPU_CLOCKS_UNHALTED,PMC1,195049
DRAM_CHANNEL_0,DFC0,87
DRAM_CHANNEL_1,DFC1,67
TABLE,Region retrosubs,Group 1 Metric,MEM,6
Metric,HWThread 11,
Runtime (RDTSC) [s],4.564602e-05,
Runtime unhalted [s],0.0001,
Clock [MHz],3888.1907,
CPI,0.6148,
Memory bandwidth [MBytes/s],215.9224,
Memory data volume [GBytes],9.856000e-06,
STRUCT,Info,3
CPU name:,AMD Ryzen 5 2600 Six-Core Processor            ,
CPU type:,AMD K17 (Zen+) architecture,
CPU clock:,3.393588255 GHz,
TABLE,Region calc-residue,Group 1 Raw,MEM,6
Region Info,HWThread 11,
RDTSC Runtime [s],0.000350,
call count,10,
Event,Counter,HWThread 11
ACTUAL_CPU_CLOCK,FIXC1,3826062
MAX_CPU_CLOCK,FIXC2,3330266
RETIRED_INSTRUCTIONS,PMC0,2792678
CPU_CLOCKS_UNHALTED,PMC1,1572886
DRAM_CHANNEL_0,DFC0,5687
DRAM_CHANNEL_1,DFC1,5492
TABLE,Region calc-residue,Group 1 Metric,MEM,6
Metric,HWThread 11,
Runtime (RDTSC) [s],0.0004,
Runtime unhalted [s],0.0011,
Clock [MHz],3898.8114,
CPI,0.5632,
Memory bandwidth [MBytes/s],2043.2855,
Memory data volume [GBytes],0.0007,
