--------------------------------------------------------------------------------
CPU name:	AMD Ryzen 5 2600 Six-Core Processor            
CPU type:	AMD K17 (Zen+) architecture
CPU clock:	3.39 GHz
--------------------------------------------------------------------------------
--------------------------------------------------------------------------------
STRUCT,Info,3
CPU name:,AMD Ryzen 5 2600 Six-Core Processor            ,
CPU type:,AMD K17 (Zen+) architecture,
CPU clock:,3.393590279 GHz,
TABLE,Region lu-factorization,Group 1 Raw,MEM,6
Region Info,HWThread 11,
RDTSC Runtime [s],23.699000,
call count,1,
Event,Counter,HWThread 11
ACTUAL_CPU_CLOCK,FIXC1,92218960000
MAX_CPU_CLOCK,FIXC2,80404310000
RETIRED_INSTRUCTIONS,PMC0,64364890000
CPU_CLOCKS_UNHALTED,PMC1,91691110000
DRAM_CHANNEL_0,DFC0,2827633000
DRAM_CHANNEL_1,DFC1,2730477000
TABLE,Region lu-factorization,Group 1 Metric,MEM,6
Metric,HWThread 11,
Runtime (RDTSC) [s],23.6990,
Runtime unhalted [s],27.1745,
Clock [MHz],3892.2462,
CPI,1.4246,
Memory bandwidth [MBytes/s],15009.8755,
Memory data volume [GBytes],355.7190,
STRUCT,Info,3
CPU name:,AMD Ryzen 5 2600 Six-Core Processor            ,
CPU type:,AMD K17 (Zen+) architecture,
CPU clock:,3.393590279 GHz,
TABLE,Region retrosubs,Group 1 Raw,MEM,6
Region Info,HWThread 11,
RDTSC Runtime [s],144.452000,
call count,1,
Event,Counter,HWThread 11
ACTUAL_CPU_CLOCK,FIXC1,555066000000
MAX_CPU_CLOCK,FIXC2,490084500000
RETIRED_INSTRUCTIONS,PMC0,480576200000
CPU_CLOCKS_UNHALTED,PMC1,553350900000
DRAM_CHANNEL_0,DFC0,6102605000
DRAM_CHANNEL_1,DFC1,5752788000
TABLE,Region retrosubs,Group 1 Metric,MEM,6
Metric,HWThread 11,
Runtime (RDTSC) [s],144.4520,
Runtime unhalted [s],163.5631,
Clock [MHz],3843.5547,
CPI,1.1514,
Memory bandwidth [MBytes/s],5252.5763,
Memory data volume [GBytes],758.7452,
STRUCT,Info,3
CPU name:,AMD Ryzen 5 2600 Six-Core Processor            ,
CPU type:,AMD K17 (Zen+) architecture,
CPU clock:,3.393590279 GHz,
TABLE,Region calc-residue,Group 1 Raw,MEM,6
Region Info,HWThread 11,
RDTSC Runtime [s],3083.444000,
call count,10,
Event,Counter,HWThread 11
ACTUAL_CPU_CLOCK,FIXC1,11987860000000
MAX_CPU_CLOCK,FIXC2,10461240000000
RETIRED_INSTRUCTIONS,PMC0,4483042000000
CPU_CLOCKS_UNHALTED,PMC1,11963710000000
DRAM_CHANNEL_0,DFC0,87514770000
DRAM_CHANNEL_1,DFC1,79048150000
TABLE,Region calc-residue,Group 1 Metric,MEM,6
Metric,HWThread 11,
Runtime (RDTSC) [s],3083.4440,
Runtime unhalted [s],3532.5007,
Clock [MHz],3888.8206,
CPI,2.6687,
Memory bandwidth [MBytes/s],3457.1819,
Memory data volume [GBytes],10660.0269,
