--------------------------------------------------------------------------------
CPU name:	AMD Ryzen 5 2600 Six-Core Processor            
CPU type:	AMD K17 (Zen+) architecture
CPU clock:	3.39 GHz
--------------------------------------------------------------------------------
--------------------------------------------------------------------------------
STRUCT,Info,3
CPU name:,AMD Ryzen 5 2600 Six-Core Processor            ,
CPU type:,AMD K17 (Zen+) architecture,
CPU clock:,3.393537897 GHz,
TABLE,Region lu-factorization,Group 1 Raw,FLOPS_DP,6
Region Info,HWThread 11,
RDTSC Runtime [s],0.016740,
call count,1,
Event,Counter,HWThread 11
ACTUAL_CPU_CLOCK,FIXC1,65414500
MAX_CPU_CLOCK,FIXC2,57068420
RETIRED_INSTRUCTIONS,PMC0,140425700
CPU_CLOCKS_UNHALTED,PMC1,63138500
RETIRED_SSE_AVX_FLOPS_DOUBLE_ALL,PMC2,89216270
MERGE,PMC3,0
TABLE,Region lu-factorization,Group 1 Metric,FLOPS_DP,5
Metric,HWThread 11,
Runtime (RDTSC) [s],0.0167,
Runtime unhalted [s],0.0193,
Clock [MHz],3889.8323,
CPI,0.4496,
DP [MFLOP/s],5329.3830,
STRUCT,Info,3
CPU name:,AMD Ryzen 5 2600 Six-Core Processor            ,
CPU type:,AMD K17 (Zen+) architecture,
CPU clock:,3.393537897 GHz,
TABLE,Region retrosubs,Group 1 Raw,FLOPS_DP,6
Region Info,HWThread 11,
RDTSC Runtime [s],1.124644,
call count,1,
Event,Counter,HWThread 11
ACTUAL_CPU_CLOCK,FIXC1,4375019000
MAX_CPU_CLOCK,FIXC2,3814195000
RETIRED_INSTRUCTIONS,PMC0,1016102000
CPU_CLOCKS_UNHALTED,PMC1,4368022000
RETIRED_SSE_AVX_FLOPS_DOUBLE_ALL,PMC2,268697600
MERGE,PMC3,0
TABLE,Region retrosubs,Group 1 Metric,FLOPS_DP,5
Metric,HWThread 11,
Runtime (RDTSC) [s],1.1246,
Runtime unhalted [s],1.2892,
Clock [MHz],3892.5102,
CPI,4.2988,
DP [MFLOP/s],238.9179,
STRUCT,Info,3
CPU name:,AMD Ryzen 5 2600 Six-Core Processor            ,
CPU type:,AMD K17 (Zen+) architecture,
CPU clock:,3.393537897 GHz,
TABLE,Region calc-residue,Group 1 Raw,FLOPS_DP,6
Region Info,HWThread 11,
RDTSC Runtime [s],7.730597,
call count,10,
Event,Counter,HWThread 11
ACTUAL_CPU_CLOCK,FIXC1,30074400000
MAX_CPU_CLOCK,FIXC2,26218700000
RETIRED_INSTRUCTIONS,PMC0,9445179000
CPU_CLOCKS_UNHALTED,PMC1,30043820000
RETIRED_SSE_AVX_FLOPS_DOUBLE_ALL,PMC2,2686976000
MERGE,PMC3,0
TABLE,Region calc-residue,Group 1 Metric,FLOPS_DP,5
Metric,HWThread 11,
Runtime (RDTSC) [s],7.7306,
Runtime unhalted [s],8.8623,
Clock [MHz],3892.5887,
CPI,3.1809,
DP [MFLOP/s],347.5768,
