--------------------------------------------------------------------------------
CPU name:	AMD Ryzen 5 2600 Six-Core Processor            
CPU type:	AMD K17 (Zen+) architecture
CPU clock:	3.39 GHz
--------------------------------------------------------------------------------
--------------------------------------------------------------------------------
STRUCT,Info,3
CPU name:,AMD Ryzen 5 2600 Six-Core Processor            ,
CPU type:,AMD K17 (Zen+) architecture,
CPU clock:,3.393591981 GHz,
TABLE,Region lu-factorization,Group 1 Raw,CACHE,6
Region Info,HWThread 11,
RDTSC Runtime [s],0.000060,
call count,1,
Event,Counter,HWThread 11
ACTUAL_CPU_CLOCK,FIXC1,460701
MAX_CPU_CLOCK,FIXC2,404294
RETIRED_INSTRUCTIONS,PMC0,413134
CPU_CLOCKS_UNHALTED,PMC1,224256
DATA_CACHE_ACCESSES,PMC2,250011
DATA_CACHE_REFILLS_ALL,PMC3,2566
TABLE,Region lu-factorization,Group 1 Metric,CACHE,9
Metric,HWThread 11,
Runtime (RDTSC) [s],0.0001,
Runtime unhalted [s],0.0001,
Clock [MHz],3867.0651,
CPI,0.5428,
data cache requests,250011,
data cache request rate,0.6052,
data cache misses,2566,
data cache miss rate,0.0062,
data cache miss ratio,0.0103,
STRUCT,Info,3
CPU name:,AMD Ryzen 5 2600 Six-Core Processor            ,
CPU type:,AMD K17 (Zen+) architecture,
CPU clock:,3.393591981 GHz,
TABLE,Region retrosubs,Group 1 Raw,CACHE,6
Region Info,HWThread 11,
RDTSC Runtime [s],0.000278,
call count,1,
Event,Counter,HWThread 11
ACTUAL_CPU_CLOCK,FIXC1,1305265
MAX_CPU_CLOCK,FIXC2,1137504
RETIRED_INSTRUCTIONS,PMC0,2222157
CPU_CLOCKS_UNHALTED,PMC1,1082409
DATA_CACHE_ACCESSES,PMC2,1050561
DATA_CACHE_REFILLS_ALL,PMC3,22730
TABLE,Region retrosubs,Group 1 Metric,CACHE,9
Metric,HWThread 11,
Runtime (RDTSC) [s],0.0003,
Runtime unhalted [s],0.0004,
Clock [MHz],3894.0846,
CPI,0.4871,
data cache requests,1050561,
data cache request rate,0.4728,
data cache misses,22730,
data cache miss rate,0.0102,
data cache miss ratio,0.0216,
STRUCT,Info,3
CPU name:,AMD Ryzen 5 2600 Six-Core Processor            ,
CPU type:,AMD K17 (Zen+) architecture,
CPU clock:,3.393591981 GHz,
TABLE,Region calc-residue,Group 1 Raw,CACHE,6
Region Info,HWThread 11,
RDTSC Runtime [s],0.002011,
call count,10,
Event,Counter,HWThread 11
ACTUAL_CPU_CLOCK,FIXC1,10252710
MAX_CPU_CLOCK,FIXC2,8935948
RETIRED_INSTRUCTIONS,PMC0,20100400
CPU_CLOCKS_UNHALTED,PMC1,8010471
DATA_CACHE_ACCESSES,PMC2,8514686
DATA_CACHE_REFILLS_ALL,PMC3,16070
TABLE,Region calc-residue,Group 1 Metric,CACHE,9
Metric,HWThread 11,
Runtime (RDTSC) [s],0.0020,
Runtime unhalted [s],0.0030,
Clock [MHz],3893.6568,
CPI,0.3985,
data cache requests,8514686,
data cache request rate,0.4236,
data cache misses,16070,
data cache miss rate,0.0008,
data cache miss ratio,0.0019,
