--------------------------------------------------------------------------------
CPU name:	AMD Ryzen 5 2600 Six-Core Processor            
CPU type:	AMD K17 (Zen+) architecture
CPU clock:	3.39 GHz
--------------------------------------------------------------------------------
--------------------------------------------------------------------------------
STRUCT,Info,3
CPU name:,AMD Ryzen 5 2600 Six-Core Processor            ,
CPU type:,AMD K17 (Zen+) architecture,
CPU clock:,3.393591162 GHz,
TABLE,Region lu-factorization,Group 1 Raw,CACHE,6
Region Info,HWThread 11,
RDTSC Runtime [s],0.000138,
call count,1,
Event,Counter,HWThread 11
ACTUAL_CPU_CLOCK,FIXC1,446545
MAX_CPU_CLOCK,FIXC2,970394
RETIRED_INSTRUCTIONS,PMC0,394465
CPU_CLOCKS_UNHALTED,PMC1,210705
DATA_CACHE_ACCESSES,PMC2,224337
DATA_CACHE_REFILLS_ALL,PMC3,2796
TABLE,Region lu-factorization,Group 1 Metric,CACHE,9
Metric,HWThread 11,
Runtime (RDTSC) [s],0.0001,
Runtime unhalted [s],0.0001,
Clock [MHz],1561.6246,
CPI,0.5342,
data cache requests,224337,
data cache request rate,0.5687,
data cache misses,2796,
data cache miss rate,0.0071,
data cache miss ratio,0.0125,
STRUCT,Info,3
CPU name:,AMD Ryzen 5 2600 Six-Core Processor            ,
CPU type:,AMD K17 (Zen+) architecture,
CPU clock:,3.393591162 GHz,
TABLE,Region retrosubs,Group 1 Raw,CACHE,6
Region Info,HWThread 11,
RDTSC Runtime [s],0.000683,
call count,1,
Event,Counter,HWThread 11
ACTUAL_CPU_CLOCK,FIXC1,1300017
MAX_CPU_CLOCK,FIXC2,2838966
RETIRED_INSTRUCTIONS,PMC0,2123213
CPU_CLOCKS_UNHALTED,PMC1,1050115
DATA_CACHE_ACCESSES,PMC2,1002250
DATA_CACHE_REFILLS_ALL,PMC3,36035
TABLE,Region retrosubs,Group 1 Metric,CACHE,9
Metric,HWThread 11,
Runtime (RDTSC) [s],0.0007,
Runtime unhalted [s],0.0004,
Clock [MHz],1553.9905,
CPI,0.4946,
data cache requests,1002250,
data cache request rate,0.4720,
data cache misses,36035,
data cache miss rate,0.0170,
data cache miss ratio,0.0360,
STRUCT,Info,3
CPU name:,AMD Ryzen 5 2600 Six-Core Processor            ,
CPU type:,AMD K17 (Zen+) architecture,
CPU clock:,3.393591162 GHz,
TABLE,Region calc-residue,Group 1 Raw,CACHE,6
Region Info,HWThread 11,
RDTSC Runtime [s],0.003460,
call count,10,
Event,Counter,HWThread 11
ACTUAL_CPU_CLOCK,FIXC1,10622580
MAX_CPU_CLOCK,FIXC2,15685460
RETIRED_INSTRUCTIONS,PMC0,19202100
CPU_CLOCKS_UNHALTED,PMC1,7978360
DATA_CACHE_ACCESSES,PMC2,8131242
DATA_CACHE_REFILLS_ALL,PMC3,1123496
TABLE,Region calc-residue,Group 1 Metric,CACHE,9
Metric,HWThread 11,
Runtime (RDTSC) [s],0.0035,
Runtime unhalted [s],0.0031,
Clock [MHz],2298.2236,
CPI,0.4155,
data cache requests,8131242,
data cache request rate,0.4235,
data cache misses,1123496,
data cache miss rate,0.0585,
data cache miss ratio,0.1382,
