--------------------------------------------------------------------------------
CPU name:	AMD Ryzen 5 2600 Six-Core Processor            
CPU type:	AMD K17 (Zen+) architecture
CPU clock:	3.39 GHz
--------------------------------------------------------------------------------
--------------------------------------------------------------------------------
STRUCT,Info,3
CPU name:,AMD Ryzen 5 2600 Six-Core Processor            ,
CPU type:,AMD K17 (Zen+) architecture,
CPU clock:,3.39354594 GHz,
TABLE,Region lu-factorization,Group 1 Raw,FLOPS_DP,6
Region Info,HWThread 11,
RDTSC Runtime [s],73.749780,
call count,1,
Event,Counter,HWThread 11
ACTUAL_CPU_CLOCK,FIXC1,287078800000
MAX_CPU_CLOCK,FIXC2,250274200000
RETIRED_INSTRUCTIONS,PMC0,216819500000
CPU_CLOCKS_UNHALTED,PMC1,285517400000
RETIRED_SSE_AVX_FLOPS_DOUBLE_ALL,PMC2,143964000000
MERGE,PMC3,0
TABLE,Region lu-factorization,Group 1 Metric,FLOPS_DP,5
Metric,HWThread 11,
Runtime (RDTSC) [s],73.7498,
Runtime unhalted [s],84.5955,
Clock [MHz],3892.5910,
CPI,1.3168,
DP [MFLOP/s],1952.0601,
STRUCT,Info,3
CPU name:,AMD Ryzen 5 2600 Six-Core Processor            ,
CPU type:,AMD K17 (Zen+) architecture,
CPU clock:,3.39354594 GHz,
TABLE,Region retrosubs,Group 1 Raw,FLOPS_DP,6
Region Info,HWThread 11,
RDTSC Runtime [s],620.812900,
call count,1,
Event,Counter,HWThread 11
ACTUAL_CPU_CLOCK,FIXC1,2416578000000
MAX_CPU_CLOCK,FIXC2,2106762000000
RETIRED_INSTRUCTIONS,PMC0,1621296000000
CPU_CLOCKS_UNHALTED,PMC1,2410816000000
RETIRED_SSE_AVX_FLOPS_DOUBLE_ALL,PMC2,432036000000
MERGE,PMC3,0
TABLE,Region retrosubs,Group 1 Metric,FLOPS_DP,5
Metric,HWThread 11,
Runtime (RDTSC) [s],620.8129,
Runtime unhalted [s],712.1100,
Clock [MHz],3892.5937,
CPI,1.4870,
DP [MFLOP/s],695.9198,
STRUCT,Info,3
CPU name:,AMD Ryzen 5 2600 Six-Core Processor            ,
CPU type:,AMD K17 (Zen+) architecture,
CPU clock:,3.39354594 GHz,
TABLE,Region calc-residue,Group 1 Raw,FLOPS_DP,6
Region Info,HWThread 11,
RDTSC Runtime [s],12749.570000,
call count,10,
Event,Counter,HWThread 11
ACTUAL_CPU_CLOCK,FIXC1,49629000000000
MAX_CPU_CLOCK,FIXC2,43266330000000
RETIRED_INSTRUCTIONS,PMC0,15126850000000
CPU_CLOCKS_UNHALTED,PMC1,49539530000000
RETIRED_SSE_AVX_FLOPS_DOUBLE_ALL,PMC2,4320360000000
MERGE,PMC3,0
TABLE,Region calc-residue,Group 1 Metric,FLOPS_DP,5
Metric,HWThread 11,
Runtime (RDTSC) [s],12749.5700,
Runtime unhalted [s],14624.5258,
Clock [MHz],3892.5948,
CPI,3.2749,
DP [MFLOP/s],338.8632,
