--------------------------------------------------------------------------------
CPU name:	AMD Ryzen 5 2600 Six-Core Processor            
CPU type:	AMD K17 (Zen+) architecture
CPU clock:	3.39 GHz
--------------------------------------------------------------------------------
--------------------------------------------------------------------------------
STRUCT,Info,3
CPU name:,AMD Ryzen 5 2600 Six-Core Processor            ,
CPU type:,AMD K17 (Zen+) architecture,
CPU clock:,3.393590961 GHz,
TABLE,Region lu-factorization,Group 1 Raw,MEM,6
Region Info,HWThread 11,
RDTSC Runtime [s],0.000071,
call count,1,
Event,Counter,HWThread 11
ACTUAL_CPU_CLOCK,FIXC1,544224
MAX_CPU_CLOCK,FIXC2,473586
RETIRED_INSTRUCTIONS,PMC0,394012
CPU_CLOCKS_UNHALTED,PMC1,270623
DRAM_CHANNEL_0,DFC0,2065
DRAM_CHANNEL_1,DFC1,2018
TABLE,Region lu-factorization,Group 1 Metric,MEM,6
Metric,HWThread 11,
Runtime (RDTSC) [s],0.0001,
Runtime unhalted [s],0.0002,
Clock [MHz],3899.7640,
CPI,0.6868,
Memory bandwidth [MBytes/s],3685.7847,
Memory data volume [GBytes],0.0003,
STRUCT,Info,3
CPU name:,AMD Ryzen 5 2600 Six-Core Processor            ,
CPU type:,AMD K17 (Zen+) architecture,
CPU clock:,3.393590961 GHz,
TABLE,Region retrosubs,Group 1 Raw,MEM,6
Region Info,HWThread 11,
RDTSC Runtime [s],0.000284,
call count,1,
Event,Counter,HWThread 11
ACTUAL_CPU_CLOCK,FIXC1,1368838
MAX_CPU_CLOCK,FIXC2,1193332
RETIRED_INSTRUCTIONS,PMC0,2123222
CPU_CLOCKS_UNHALTED,PMC1,1103448
DRAM_CHANNEL_0,DFC0,7481
DRAM_CHANNEL_1,DFC1,6643
TABLE,Region retrosubs,Group 1 Metric,MEM,6
Metric,HWThread 11,
Runtime (RDTSC) [s],0.0003,
Runtime unhalted [s],0.0004,
Clock [MHz],3892.6940,
CPI,0.5197,
Memory bandwidth [MBytes/s],3185.1230,
Memory data volume [GBytes],0.0009,
STRUCT,Info,3
CPU name:,AMD Ryzen 5 2600 Six-Core Processor            ,
CPU type:,AMD K17 (Zen+) architecture,
CPU clock:,3.393590961 GHz,
TABLE,Region calc-residue,Group 1 Raw,MEM,6
Region Info,HWThread 11,
RDTSC Runtime [s],0.002674,
call count,10,
Event,Counter,HWThread 11
ACTUAL_CPU_CLOCK,FIXC1,13713380
MAX_CPU_CLOCK,FIXC2,11978980
RETIRED_INSTRUCTIONS,PMC0,19202190
CPU_CLOCKS_UNHALTED,PMC1,10634940
DRAM_CHANNEL_0,DFC0,83799
DRAM_CHANNEL_1,DFC1,77632
TABLE,Region calc-residue,Group 1 Metric,MEM,6
Metric,HWThread 11,
Runtime (RDTSC) [s],0.0027,
Runtime unhalted [s],0.0040,
Clock [MHz],3884.9387,
CPI,0.5538,
Memory bandwidth [MBytes/s],3863.8387,
Memory data volume [GBytes],0.0103,
