--------------------------------------------------------------------------------
CPU name:	AMD Ryzen 5 2600 Six-Core Processor            
CPU type:	AMD K17 (Zen+) architecture
CPU clock:	3.39 GHz
--------------------------------------------------------------------------------
--------------------------------------------------------------------------------
STRUCT,Info,3
CPU name:,AMD Ryzen 5 2600 Six-Core Processor            ,
CPU type:,AMD K17 (Zen+) architecture,
CPU clock:,3.393044754 GHz,
TABLE,Region lu-factorization,Group 1 Raw,MEM,6
Region Info,HWThread 11,
RDTSC Runtime [s],78.588750,
call count,1,
Event,Counter,HWThread 11
ACTUAL_CPU_CLOCK,FIXC1,305859000000
MAX_CPU_CLOCK,FIXC2,266646300000
RETIRED_INSTRUCTIONS,PMC0,216819500000
CPU_CLOCKS_UNHALTED,PMC1,304328300000
DRAM_CHANNEL_0,DFC0,9365154000
DRAM_CHANNEL_1,DFC1,9355430000
TABLE,Region lu-factorization,Group 1 Metric,MEM,6
Metric,HWThread 11,
Runtime (RDTSC) [s],78.5888,
Runtime unhalted [s],90.1429,
Clock [MHz],3892.0220,
CPI,1.4036,
Memory bandwidth [MBytes/s],15245.4057,
Memory data volume [GBytes],1198.1174,
STRUCT,Info,3
CPU name:,AMD Ryzen 5 2600 Six-Core Processor            ,
CPU type:,AMD K17 (Zen+) architecture,
CPU clock:,3.393044754 GHz,
TABLE,Region retrosubs,Group 1 Raw,MEM,6
Region Info,HWThread 11,
RDTSC Runtime [s],619.935500,
call count,1,
Event,Counter,HWThread 11
ACTUAL_CPU_CLOCK,FIXC1,2412718000000
MAX_CPU_CLOCK,FIXC2,2103396000000
RETIRED_INSTRUCTIONS,PMC0,1621296000000
CPU_CLOCKS_UNHALTED,PMC1,2407311000000
DRAM_CHANNEL_0,DFC0,18864550000
DRAM_CHANNEL_1,DFC1,18777650000
TABLE,Region retrosubs,Group 1 Metric,MEM,6
Metric,HWThread 11,
Runtime (RDTSC) [s],619.9355,
Runtime unhalted [s],711.0776,
Clock [MHz],3892.0204,
CPI,1.4848,
Memory bandwidth [MBytes/s],3886.0507,
Memory data volume [GBytes],2409.1008,
STRUCT,Info,3
CPU name:,AMD Ryzen 5 2600 Six-Core Processor            ,
CPU type:,AMD K17 (Zen+) architecture,
CPU clock:,3.393044754 GHz,
TABLE,Region calc-residue,Group 1 Raw,MEM,6
Region Info,HWThread 11,
RDTSC Runtime [s],12358.010000,
call count,10,
Event,Counter,HWThread 11
ACTUAL_CPU_CLOCK,FIXC1,48095900000000
MAX_CPU_CLOCK,FIXC2,41929840000000
RETIRED_INSTRUCTIONS,PMC0,15126850000000
CPU_CLOCKS_UNHALTED,PMC1,48009020000000
DRAM_CHANNEL_0,DFC0,238306000000
DRAM_CHANNEL_1,DFC1,236989500000
TABLE,Region calc-residue,Group 1 Metric,MEM,6
Metric,HWThread 11,
Runtime (RDTSC) [s],12358.0100,
Runtime unhalted [s],14174.8499,
Clock [MHz],3892.0144,
CPI,3.1738,
Memory bandwidth [MBytes/s],2461.4733,
Memory data volume [GBytes],30418.9120,
