--------------------------------------------------------------------------------
CPU name:	AMD Ryzen 5 2600 Six-Core Processor            
CPU type:	AMD K17 (Zen+) architecture
CPU clock:	3.39 GHz
--------------------------------------------------------------------------------
--------------------------------------------------------------------------------
STRUCT,Info,3
CPU name:,AMD Ryzen 5 2600 Six-Core Processor            ,
CPU type:,AMD K17 (Zen+) architecture,
CPU clock:,3.39356213 GHz,
TABLE,Region lu-factorization,Group 1 Raw,FLOPS_DP,6
Region Info,HWThread 11,
RDTSC Runtime [s],0.000059,
call count,1,
Event,Counter,HWThread 11
ACTUAL_CPU_CLOCK,FIXC1,460814
MAX_CPU_CLOCK,FIXC2,402458
RETIRED_INSTRUCTIONS,PMC0,414246
CPU_CLOCKS_UNHALTED,PMC1,224321
RETIRED_SSE_AVX_FLOPS_DOUBLE_ALL,PMC2,178925
MERGE,PMC3,0
TABLE,Region lu-factorization,Group 1 Metric,FLOPS_DP,5
Metric,HWThread 11,
Runtime (RDTSC) [s],0.0001,
Runtime unhalted [s],0.0001,
Clock [MHz],3885.6252,
CPI,0.5415,
DP [MFLOP/s],3043.4189,
STRUCT,Info,3
CPU name:,AMD Ryzen 5 2600 Six-Core Processor            ,
CPU type:,AMD K17 (Zen+) architecture,
CPU clock:,3.39356213 GHz,
TABLE,Region retrosubs,Group 1 Raw,FLOPS_DP,6
Region Info,HWThread 11,
RDTSC Runtime [s],0.000278,
call count,1,
Event,Counter,HWThread 11
ACTUAL_CPU_CLOCK,FIXC1,1303030
MAX_CPU_CLOCK,FIXC2,1137708
RETIRED_INSTRUCTIONS,PMC0,2222157
CPU_CLOCKS_UNHALTED,PMC1,1081206
RETIRED_SSE_AVX_FLOPS_DOUBLE_ALL,PMC2,553485
MERGE,PMC3,0
TABLE,Region retrosubs,Group 1 Metric,FLOPS_DP,5
Metric,HWThread 11,
Runtime (RDTSC) [s],0.0003,
Runtime unhalted [s],0.0004,
Clock [MHz],3886.6856,
CPI,0.4866,
DP [MFLOP/s],1994.0153,
STRUCT,Info,3
CPU name:,AMD Ryzen 5 2600 Six-Core Processor            ,
CPU type:,AMD K17 (Zen+) architecture,
CPU clock:,3.39356213 GHz,
TABLE,Region calc-residue,Group 1 Raw,FLOPS_DP,6
Region Info,HWThread 11,
RDTSC Runtime [s],0.002011,
call count,10,
Event,Counter,HWThread 11
ACTUAL_CPU_CLOCK,FIXC1,10263790
MAX_CPU_CLOCK,FIXC2,8944788
RETIRED_INSTRUCTIONS,PMC0,20100400
CPU_CLOCKS_UNHALTED,PMC1,7998254
RETIRED_SSE_AVX_FLOPS_DOUBLE_ALL,PMC2,5534850
MERGE,PMC3,0
TABLE,Region calc-residue,Group 1 Metric,FLOPS_DP,5
Metric,HWThread 11,
Runtime (RDTSC) [s],0.0020,
Runtime unhalted [s],0.0030,
Clock [MHz],3893.9782,
CPI,0.3979,
DP [MFLOP/s],2752.0411,
