--------------------------------------------------------------------------------
CPU name:	AMD Ryzen 5 2600 Six-Core Processor            
CPU type:	AMD K17 (Zen+) architecture
CPU clock:	3.39 GHz
--------------------------------------------------------------------------------
--------------------------------------------------------------------------------
STRUCT,Info,3
CPU name:,AMD Ryzen 5 2600 Six-Core Processor            ,
CPU type:,AMD K17 (Zen+) architecture,
CPU clock:,3.39357747 GHz,
TABLE,Region lu-factorization,Group 1 Raw,FLOPS_DP,6
Region Info,HWThread 11,
RDTSC Runtime [s],0.000070,
call count,1,
Event,Counter,HWThread 11
ACTUAL_CPU_CLOCK,FIXC1,530133
MAX_CPU_CLOCK,FIXC2,458796
RETIRED_INSTRUCTIONS,PMC0,395577
CPU_CLOCKS_UNHALTED,PMC1,269893
RETIRED_SSE_AVX_FLOPS_DOUBLE_ALL,PMC2,170669
MERGE,PMC3,0
TABLE,Region lu-factorization,Group 1 Metric,FLOPS_DP,5
Metric,HWThread 11,
Runtime (RDTSC) [s],0.0001,
Runtime unhalted [s],0.0002,
Clock [MHz],3921.2360,
CPI,0.6823,
DP [MFLOP/s],2440.5018,
STRUCT,Info,3
CPU name:,AMD Ryzen 5 2600 Six-Core Processor            ,
CPU type:,AMD K17 (Zen+) architecture,
CPU clock:,3.39357747 GHz,
TABLE,Region retrosubs,Group 1 Raw,FLOPS_DP,6
Region Info,HWThread 11,
RDTSC Runtime [s],0.000281,
call count,1,
Event,Counter,HWThread 11
ACTUAL_CPU_CLOCK,FIXC1,1344969
MAX_CPU_CLOCK,FIXC2,1174530
RETIRED_INSTRUCTIONS,PMC0,2123212
CPU_CLOCKS_UNHALTED,PMC1,1096429
RETIRED_SSE_AVX_FLOPS_DOUBLE_ALL,PMC2,528394
MERGE,PMC3,0
TABLE,Region retrosubs,Group 1 Metric,FLOPS_DP,5
Metric,HWThread 11,
Runtime (RDTSC) [s],0.0003,
Runtime unhalted [s],0.0004,
Clock [MHz],3886.0280,
CPI,0.5164,
DP [MFLOP/s],1878.9981,
STRUCT,Info,3
CPU name:,AMD Ryzen 5 2600 Six-Core Processor            ,
CPU type:,AMD K17 (Zen+) architecture,
CPU clock:,3.39357747 GHz,
TABLE,Region calc-residue,Group 1 Raw,FLOPS_DP,6
Region Info,HWThread 11,
RDTSC Runtime [s],0.002405,
call count,10,
Event,Counter,HWThread 11
ACTUAL_CPU_CLOCK,FIXC1,12252940
MAX_CPU_CLOCK,FIXC2,10676580
RETIRED_INSTRUCTIONS,PMC0,19202090
CPU_CLOCKS_UNHALTED,PMC1,9553845
RETIRED_SSE_AVX_FLOPS_DOUBLE_ALL,PMC2,5283940
MERGE,PMC3,0
TABLE,Region calc-residue,Group 1 Metric,FLOPS_DP,5
Metric,HWThread 11,
Runtime (RDTSC) [s],0.0024,
Runtime unhalted [s],0.0036,
Clock [MHz],3894.6274,
CPI,0.4975,
DP [MFLOP/s],2197.4793,
