--------------------------------------------------------------------------------
CPU name:	AMD Ryzen 5 2600 Six-Core Processor            
CPU type:	AMD K17 (Zen+) architecture
CPU clock:	3.39 GHz
--------------------------------------------------------------------------------
--------------------------------------------------------------------------------
STRUCT,Info,3
CPU name:,AMD Ryzen 5 2600 Six-Core Processor            ,
CPU type:,AMD K17 (Zen+) architecture,
CPU clock:,3.392820766 GHz,
TABLE,Region lu-factorization,Group 1 Raw,MEM,6
Region Info,HWThread 11,
RDTSC Runtime [s],0.000254,
call count,1,
Event,Counter,HWThread 11
ACTUAL_CPU_CLOCK,FIXC1,1229303
MAX_CPU_CLOCK,FIXC2,1068450
RETIRED_INSTRUCTIONS,PMC0,2517830
CPU_CLOCKS_UNHALTED,PMC1,944562
DRAM_CHANNEL_0,DFC0,363
DRAM_CHANNEL_1,DFC1,178
TABLE,Region lu-factorization,Group 1 Metric,MEM,6
Metric,HWThread 11,
Runtime (RDTSC) [s],0.0003,
Runtime unhalted [s],0.0004,
Clock [MHz],3903.6031,
CPI,0.3751,
Memory bandwidth [MBytes/s],136.1294,
Memory data volume [GBytes],3.462400e-05,
STRUCT,Info,3
CPU name:,AMD Ryzen 5 2600 Six-Core Processor            ,
CPU type:,AMD K17 (Zen+) architecture,
CPU clock:,3.392820766 GHz,
TABLE,Region retrosubs,Group 1 Raw,MEM,6
Region Info,HWThread 11,
RDTSC Runtime [s],0.001958,
call count,1,
Event,Counter,HWThread 11
ACTUAL_CPU_CLOCK,FIXC1,7855152
MAX_CPU_CLOCK,FIXC2,6857154
RETIRED_INSTRUCTIONS,PMC0,14989800
CPU_CLOCKS_UNHALTED,PMC1,7534405
DRAM_CHANNEL_0,DFC0,3045
DRAM_CHANNEL_1,DFC1,955
TABLE,Region retrosubs,Group 1 Metric,MEM,6
Metric,HWThread 11,
Runtime (RDTSC) [s],0.0020,
Runtime unhalted [s],0.0023,
Clock [MHz],3886.6158,
CPI,0.5026,
Memory bandwidth [MBytes/s],130.7457,
Memory data volume [GBytes],0.0003,
STRUCT,Info,3
CPU name:,AMD Ryzen 5 2600 Six-Core Processor            ,
CPU type:,AMD K17 (Zen+) architecture,
CPU clock:,3.392820766 GHz,
TABLE,Region calc-residue,Group 1 Raw,MEM,6
Region Info,HWThread 11,
RDTSC Runtime [s],0.010755,
call count,10,
Event,Counter,HWThread 11
ACTUAL_CPU_CLOCK,FIXC1,44797250
MAX_CPU_CLOCK,FIXC2,39042810
RETIRED_INSTRUCTIONS,PMC0,85544430
CPU_CLOCKS_UNHALTED,PMC1,42014870
DRAM_CHANNEL_0,DFC0,1493
DRAM_CHANNEL_1,DFC1,821
TABLE,Region calc-residue,Group 1 Metric,MEM,6
Metric,HWThread 11,
Runtime (RDTSC) [s],0.0108,
Runtime unhalted [s],0.0132,
Clock [MHz],3892.8817,
CPI,0.4911,
Memory bandwidth [MBytes/s],13.7696,
Memory data volume [GBytes],0.0001,
