--------------------------------------------------------------------------------
CPU name:	AMD Ryzen 5 2600 Six-Core Processor            
CPU type:	AMD K17 (Zen+) architecture
CPU clock:	3.39 GHz
--------------------------------------------------------------------------------
--------------------------------------------------------------------------------
STRUCT,Info,3
CPU name:,AMD Ryzen 5 2600 Six-Core Processor            ,
CPU type:,AMD K17 (Zen+) architecture,
CPU clock:,3.393563526 GHz,
TABLE,Region lu-factorization,Group 1 Raw,CACHE,6
Region Info,HWThread 11,
RDTSC Runtime [s],0.131311,
call count,1,
Event,Counter,HWThread 11
ACTUAL_CPU_CLOCK,FIXC1,511627800
MAX_CPU_CLOCK,FIXC2,446035300
RETIRED_INSTRUCTIONS,PMC0,1020765000
CPU_CLOCKS_UNHALTED,PMC1,504334800
DATA_CACHE_ACCESSES,PMC2,630696700
DATA_CACHE_REFILLS_ALL,PMC3,10278420
TABLE,Region lu-factorization,Group 1 Metric,CACHE,9
Metric,HWThread 11,
Runtime (RDTSC) [s],0.1313,
Runtime unhalted [s],0.1508,
Clock [MHz],3892.6099,
CPI,0.4941,
data cache requests,630696700,
data cache request rate,0.6179,
data cache misses,10278420,
data cache miss rate,0.0101,
data cache miss ratio,0.0163,
STRUCT,Info,3
CPU name:,AMD Ryzen 5 2600 Six-Core Processor            ,
CPU type:,AMD K17 (Zen+) architecture,
CPU clock:,3.393563526 GHz,
TABLE,Region retrosubs,Group 1 Raw,CACHE,6
Region Info,HWThread 11,
RDTSC Runtime [s],1.084183,
call count,1,
Event,Counter,HWThread 11
ACTUAL_CPU_CLOCK,FIXC1,4220798000
MAX_CPU_CLOCK,FIXC2,3679665000
RETIRED_INSTRUCTIONS,PMC0,6561733000
CPU_CLOCKS_UNHALTED,PMC1,4197968000
DATA_CACHE_ACCESSES,PMC2,3553824000
DATA_CACHE_REFILLS_ALL,PMC3,422682600
TABLE,Region retrosubs,Group 1 Metric,CACHE,9
Metric,HWThread 11,
Runtime (RDTSC) [s],1.0842,
Runtime unhalted [s],1.2438,
Clock [MHz],3892.6223,
CPI,0.6398,
data cache requests,3553824000,
data cache request rate,0.5416,
data cache misses,422682600,
data cache miss rate,0.0644,
data cache miss ratio,0.1189,
STRUCT,Info,3
CPU name:,AMD Ryzen 5 2600 Six-Core Processor            ,
CPU type:,AMD K17 (Zen+) architecture,
CPU clock:,3.393563526 GHz,
TABLE,Region calc-residue,Group 1 Raw,CACHE,6
Region Info,HWThread 11,
RDTSC Runtime [s],5.145396,
call count,10,
Event,Counter,HWThread 11
ACTUAL_CPU_CLOCK,FIXC1,20033640000
MAX_CPU_CLOCK,FIXC2,17465240000
RETIRED_INSTRUCTIONS,PMC0,39486650000
CPU_CLOCKS_UNHALTED,PMC1,19984430000
DATA_CACHE_ACCESSES,PMC2,36824070000
DATA_CACHE_REFILLS_ALL,PMC3,192033100
TABLE,Region calc-residue,Group 1 Metric,CACHE,9
Metric,HWThread 11,
Runtime (RDTSC) [s],5.1454,
Runtime unhalted [s],5.9034,
Clock [MHz],3892.6136,
CPI,0.5061,
data cache requests,36824070000,
data cache request rate,0.9326,
data cache misses,192033100,
data cache miss rate,0.0049,
data cache miss ratio,0.0052,
