--------------------------------------------------------------------------------
CPU name:	AMD Ryzen 5 2600 Six-Core Processor            
CPU type:	AMD K17 (Zen+) architecture
CPU clock:	3.39 GHz
--------------------------------------------------------------------------------
--------------------------------------------------------------------------------
STRUCT,Info,3
CPU name:,AMD Ryzen 5 2600 Six-Core Processor            ,
CPU type:,AMD K17 (Zen+) architecture,
CPU clock:,3.393569147 GHz,
TABLE,Region lu-factorization,Group 1 Raw,FLOPS_DP,6
Region Info,HWThread 11,
RDTSC Runtime [s],0.121269,
call count,1,
Event,Counter,HWThread 11
ACTUAL_CPU_CLOCK,FIXC1,472480100
MAX_CPU_CLOCK,FIXC2,411903800
RETIRED_INSTRUCTIONS,PMC0,1020765000
CPU_CLOCKS_UNHALTED,PMC1,465614100
RETIRED_SSE_AVX_FLOPS_DOUBLE_ALL,PMC2,665667500
MERGE,PMC3,0
TABLE,Region lu-factorization,Group 1 Metric,FLOPS_DP,5
Metric,HWThread 11,
Runtime (RDTSC) [s],0.1213,
Runtime unhalted [s],0.1392,
Clock [MHz],3892.6417,
CPI,0.4561,
DP [MFLOP/s],5489.1766,
STRUCT,Info,3
CPU name:,AMD Ryzen 5 2600 Six-Core Processor            ,
CPU type:,AMD K17 (Zen+) architecture,
CPU clock:,3.393569147 GHz,
TABLE,Region retrosubs,Group 1 Raw,FLOPS_DP,6
Region Info,HWThread 11,
RDTSC Runtime [s],1.088124,
call count,1,
Event,Counter,HWThread 11
ACTUAL_CPU_CLOCK,FIXC1,4235831000
MAX_CPU_CLOCK,FIXC2,3692768000
RETIRED_INSTRUCTIONS,PMC0,6561733000
CPU_CLOCKS_UNHALTED,PMC1,4212202000
RETIRED_SSE_AVX_FLOPS_DOUBLE_ALL,PMC2,2001000000
MERGE,PMC3,0
TABLE,Region retrosubs,Group 1 Metric,FLOPS_DP,5
Metric,HWThread 11,
Runtime (RDTSC) [s],1.0881,
Runtime unhalted [s],1.2482,
Clock [MHz],3892.6316,
CPI,0.6419,
DP [MFLOP/s],1838.9448,
STRUCT,Info,3
CPU name:,AMD Ryzen 5 2600 Six-Core Processor            ,
CPU type:,AMD K17 (Zen+) architecture,
CPU clock:,3.393569147 GHz,
TABLE,Region calc-residue,Group 1 Raw,FLOPS_DP,6
Region Info,HWThread 11,
RDTSC Runtime [s],5.148556,
call count,10,
Event,Counter,HWThread 11
ACTUAL_CPU_CLOCK,FIXC1,20044270000
MAX_CPU_CLOCK,FIXC2,17474500000
RETIRED_INSTRUCTIONS,PMC0,39486640000
CPU_CLOCKS_UNHALTED,PMC1,19994800000
RETIRED_SSE_AVX_FLOPS_DOUBLE_ALL,PMC2,100
MERGE,PMC3,0
TABLE,Region calc-residue,Group 1 Metric,FLOPS_DP,5
Metric,HWThread 11,
Runtime (RDTSC) [s],5.1486,
Runtime unhalted [s],5.9065,
Clock [MHz],3892.6216,
CPI,0.5064,
DP [MFLOP/s],1.942292e-05,
