--------------------------------------------------------------------------------
CPU name:	AMD Ryzen 5 2600 Six-Core Processor            
CPU type:	AMD K17 (Zen+) architecture
CPU clock:	3.39 GHz
--------------------------------------------------------------------------------
--------------------------------------------------------------------------------
STRUCT,Info,3
CPU name:,AMD Ryzen 5 2600 Six-Core Processor            ,
CPU type:,AMD K17 (Zen+) architecture,
CPU clock:,3.393569111 GHz,
TABLE,Region lu-factorization,Group 1 Raw,FLOPS_DP,6
Region Info,HWThread 11,
RDTSC Runtime [s],0.000254,
call count,1,
Event,Counter,HWThread 11
ACTUAL_CPU_CLOCK,FIXC1,1224632
MAX_CPU_CLOCK,FIXC2,1066954
RETIRED_INSTRUCTIONS,PMC0,2517820
CPU_CLOCKS_UNHALTED,PMC1,942046
RETIRED_SSE_AVX_FLOPS_DOUBLE_ALL,PMC2,1414734
MERGE,PMC3,0
TABLE,Region lu-factorization,Group 1 Metric,FLOPS_DP,5
Metric,HWThread 11,
Runtime (RDTSC) [s],0.0003,
Runtime unhalted [s],0.0004,
Clock [MHz],3895.0820,
CPI,0.3742,
DP [MFLOP/s],5564.0949,
STRUCT,Info,3
CPU name:,AMD Ryzen 5 2600 Six-Core Processor            ,
CPU type:,AMD K17 (Zen+) architecture,
CPU clock:,3.393569111 GHz,
TABLE,Region retrosubs,Group 1 Raw,FLOPS_DP,6
Region Info,HWThread 11,
RDTSC Runtime [s],0.001952,
call count,1,
Event,Counter,HWThread 11
ACTUAL_CPU_CLOCK,FIXC1,7828714
MAX_CPU_CLOCK,FIXC2,6831722
RETIRED_INSTRUCTIONS,PMC0,14989840
CPU_CLOCKS_UNHALTED,PMC1,7535857
RETIRED_SSE_AVX_FLOPS_DOUBLE_ALL,PMC2,4310029
MERGE,PMC3,0
TABLE,Region retrosubs,Group 1 Metric,FLOPS_DP,5
Metric,HWThread 11,
Runtime (RDTSC) [s],0.0020,
Runtime unhalted [s],0.0023,
Clock [MHz],3888.8119,
CPI,0.5027,
DP [MFLOP/s],2207.8313,
STRUCT,Info,3
CPU name:,AMD Ryzen 5 2600 Six-Core Processor            ,
CPU type:,AMD K17 (Zen+) architecture,
CPU clock:,3.393569111 GHz,
TABLE,Region calc-residue,Group 1 Raw,FLOPS_DP,6
Region Info,HWThread 11,
RDTSC Runtime [s],0.010790,
call count,10,
Event,Counter,HWThread 11
ACTUAL_CPU_CLOCK,FIXC1,44669280
MAX_CPU_CLOCK,FIXC2,38946120
RETIRED_INSTRUCTIONS,PMC0,85544160
CPU_CLOCKS_UNHALTED,PMC1,42116950
RETIRED_SSE_AVX_FLOPS_DOUBLE_ALL,PMC2,156280
MERGE,PMC3,0
TABLE,Region calc-residue,Group 1 Metric,FLOPS_DP,5
Metric,HWThread 11,
Runtime (RDTSC) [s],0.0108,
Runtime unhalted [s],0.0132,
Clock [MHz],3892.2565,
CPI,0.4923,
DP [MFLOP/s],14.4843,
