--------------------------------------------------------------------------------
CPU name:	AMD Ryzen 5 2600 Six-Core Processor            
CPU type:	AMD K17 (Zen+) architecture
CPU clock:	3.39 GHz
--------------------------------------------------------------------------------
--------------------------------------------------------------------------------
STRUCT,Info,3
CPU name:,AMD Ryzen 5 2600 Six-Core Processor            ,
CPU type:,AMD K17 (Zen+) architecture,
CPU clock:,3.391585073 GHz,
TABLE,Region lu-factorization,Group 1 Raw,FLOPS_DP,6
Region Info,HWThread 11,
RDTSC Runtime [s],0.000251,
call count,1,
Event,Counter,HWThread 11
ACTUAL_CPU_CLOCK,FIXC1,1204038
MAX_CPU_CLOCK,FIXC2,1051280
RETIRED_INSTRUCTIONS,PMC0,2457393
CPU_CLOCKS_UNHALTED,PMC1,922794
RETIRED_SSE_AVX_FLOPS_DOUBLE_ALL,PMC2,1381837
MERGE,PMC3,0
TABLE,Region lu-factorization,Group 1 Metric,FLOPS_DP,5
Metric,HWThread 11,
Runtime (RDTSC) [s],0.0003,
Runtime unhalted [s],0.0004,
Clock [MHz],3884.4050,
CPI,0.3755,
DP [MFLOP/s],5507.4551,
STRUCT,Info,3
CPU name:,AMD Ryzen 5 2600 Six-Core Processor            ,
CPU type:,AMD K17 (Zen+) architecture,
CPU clock:,3.391585073 GHz,
TABLE,Region retrosubs,Group 1 Raw,FLOPS_DP,6
Region Info,HWThread 11,
RDTSC Runtime [s],0.001989,
call count,1,
Event,Counter,HWThread 11
ACTUAL_CPU_CLOCK,FIXC1,7980283
MAX_CPU_CLOCK,FIXC2,6963438
RETIRED_INSTRUCTIONS,PMC0,14649480
CPU_CLOCKS_UNHALTED,PMC1,7627235
RETIRED_SSE_AVX_FLOPS_DOUBLE_ALL,PMC2,4210698
MERGE,PMC3,0
TABLE,Region retrosubs,Group 1 Metric,FLOPS_DP,5
Metric,HWThread 11,
Runtime (RDTSC) [s],0.0020,
Runtime unhalted [s],0.0024,
Clock [MHz],3886.8457,
CPI,0.5206,
DP [MFLOP/s],2117.0893,
STRUCT,Info,3
CPU name:,AMD Ryzen 5 2600 Six-Core Processor            ,
CPU type:,AMD K17 (Zen+) architecture,
CPU clock:,3.391585073 GHz,
TABLE,Region calc-residue,Group 1 Raw,FLOPS_DP,6
Region Info,HWThread 11,
RDTSC Runtime [s],0.010575,
call count,10,
Event,Counter,HWThread 11
ACTUAL_CPU_CLOCK,FIXC1,43819330
MAX_CPU_CLOCK,FIXC2,38198630
RETIRED_INSTRUCTIONS,PMC0,83355680
CPU_CLOCKS_UNHALTED,PMC1,41298390
RETIRED_SSE_AVX_FLOPS_DOUBLE_ALL,PMC2,100
MERGE,PMC3,0
TABLE,Region calc-residue,Group 1 Metric,FLOPS_DP,5
Metric,HWThread 11,
Runtime (RDTSC) [s],0.0106,
Runtime unhalted [s],0.0129,
Clock [MHz],3890.6365,
CPI,0.4954,
DP [MFLOP/s],0.0095,
