--------------------------------------------------------------------------------
CPU name:	AMD Ryzen 5 2600 Six-Core Processor            
CPU type:	AMD K17 (Zen+) architecture
CPU clock:	3.39 GHz
--------------------------------------------------------------------------------
--------------------------------------------------------------------------------
STRUCT,Info,3
CPU name:,AMD Ryzen 5 2600 Six-Core Processor            ,
CPU type:,AMD K17 (Zen+) architecture,
CPU clock:,3.393570852 GHz,
TABLE,Region lu-factorization,Group 1 Raw,CACHE,6
Region Info,HWThread 11,
RDTSC Runtime [s],0.001721,
call count,1,
Event,Counter,HWThread 11
ACTUAL_CPU_CLOCK,FIXC1,6934713
MAX_CPU_CLOCK,FIXC2,6049382
RETIRED_INSTRUCTIONS,PMC0,18169060
CPU_CLOCKS_UNHALTED,PMC1,6377868
DATA_CACHE_ACCESSES,PMC2,11028500
DATA_CACHE_REFILLS_ALL,PMC3,262286
TABLE,Region lu-factorization,Group 1 Metric,CACHE,9
Metric,HWThread 11,
Runtime (RDTSC) [s],0.0017,
Runtime unhalted [s],0.0020,
Clock [MHz],3890.2222,
CPI,0.3510,
data cache requests,11028500,
data cache request rate,0.6070,
data cache misses,262286,
data cache miss rate,0.0144,
data cache miss ratio,0.0238,
STRUCT,Info,3
CPU name:,AMD Ryzen 5 2600 Six-Core Processor            ,
CPU type:,AMD K17 (Zen+) architecture,
CPU clock:,3.393570852 GHz,
TABLE,Region retrosubs,Group 1 Raw,CACHE,6
Region Info,HWThread 11,
RDTSC Runtime [s],0.052060,
call count,1,
Event,Counter,HWThread 11
ACTUAL_CPU_CLOCK,FIXC1,202810700
MAX_CPU_CLOCK,FIXC2,176812800
RETIRED_INSTRUCTIONS,PMC0,113104700
CPU_CLOCKS_UNHALTED,PMC1,201611500
DATA_CACHE_ACCESSES,PMC2,67959450
DATA_CACHE_REFILLS_ALL,PMC3,25558130
TABLE,Region retrosubs,Group 1 Metric,CACHE,9
Metric,HWThread 11,
Runtime (RDTSC) [s],0.0521,
Runtime unhalted [s],0.0598,
Clock [MHz],3892.5490,
CPI,1.7825,
data cache requests,67959450,
data cache request rate,0.6009,
data cache misses,25558130,
data cache miss rate,0.2260,
data cache miss ratio,0.3761,
STRUCT,Info,3
CPU name:,AMD Ryzen 5 2600 Six-Core Processor            ,
CPU type:,AMD K17 (Zen+) architecture,
CPU clock:,3.393570852 GHz,
TABLE,Region calc-residue,Group 1 Raw,CACHE,6
Region Info,HWThread 11,
RDTSC Runtime [s],0.085270,
call count,10,
Event,Counter,HWThread 11
ACTUAL_CPU_CLOCK,FIXC1,334496700
MAX_CPU_CLOCK,FIXC2,291610300
RETIRED_INSTRUCTIONS,PMC0,664175700
CPU_CLOCKS_UNHALTED,PMC1,331287400
DATA_CACHE_ACCESSES,PMC2,618922000
DATA_CACHE_REFILLS_ALL,PMC3,2839621
TABLE,Region calc-residue,Group 1 Metric,CACHE,9
Metric,HWThread 11,
Runtime (RDTSC) [s],0.0853,
Runtime unhalted [s],0.0986,
Clock [MHz],3892.6549,
CPI,0.4988,
data cache requests,618922000,
data cache request rate,0.9319,
data cache misses,2839621,
data cache miss rate,0.0043,
data cache miss ratio,0.0046,
