--------------------------------------------------------------------------------
CPU name:	AMD Ryzen 5 2600 Six-Core Processor            
CPU type:	AMD K17 (Zen+) architecture
CPU clock:	3.39 GHz
--------------------------------------------------------------------------------
--------------------------------------------------------------------------------
STRUCT,Info,3
CPU name:,AMD Ryzen 5 2600 Six-Core Processor            ,
CPU type:,AMD K17 (Zen+) architecture,
CPU clock:,3.393039387 GHz,
TABLE,Region lu-factorization,Group 1 Raw,MEM,6
Region Info,HWThread 11,
RDTSC Runtime [s],0.001730,
call count,1,
Event,Counter,HWThread 11
ACTUAL_CPU_CLOCK,FIXC1,6980886
MAX_CPU_CLOCK,FIXC2,6091610
RETIRED_INSTRUCTIONS,PMC0,18169070
CPU_CLOCKS_UNHALTED,PMC1,6395891
DRAM_CHANNEL_0,DFC0,10337
DRAM_CHANNEL_1,DFC1,3124
TABLE,Region lu-factorization,Group 1 Metric,MEM,6
Metric,HWThread 11,
Runtime (RDTSC) [s],0.0017,
Runtime unhalted [s],0.0021,
Clock [MHz],3888.3680,
CPI,0.3520,
Memory bandwidth [MBytes/s],497.9352,
Memory data volume [GBytes],0.0009,
STRUCT,Info,3
CPU name:,AMD Ryzen 5 2600 Six-Core Processor            ,
CPU type:,AMD K17 (Zen+) architecture,
CPU clock:,3.393039387 GHz,
TABLE,Region retrosubs,Group 1 Raw,MEM,6
Region Info,HWThread 11,
RDTSC Runtime [s],0.052213,
call count,1,
Event,Counter,HWThread 11
ACTUAL_CPU_CLOCK,FIXC1,203558800
MAX_CPU_CLOCK,FIXC2,177447900
RETIRED_INSTRUCTIONS,PMC0,113104800
CPU_CLOCKS_UNHALTED,PMC1,202325600
DRAM_CHANNEL_0,DFC0,23308
DRAM_CHANNEL_1,DFC1,10960
TABLE,Region retrosubs,Group 1 Metric,MEM,6
Metric,HWThread 11,
Runtime (RDTSC) [s],0.0522,
Runtime unhalted [s],0.0600,
Clock [MHz],3892.3145,
CPI,1.7888,
Memory bandwidth [MBytes/s],42.0041,
Memory data volume [GBytes],0.0022,
STRUCT,Info,3
CPU name:,AMD Ryzen 5 2600 Six-Core Processor            ,
CPU type:,AMD K17 (Zen+) architecture,
CPU clock:,3.393039387 GHz,
TABLE,Region calc-residue,Group 1 Raw,MEM,6
Region Info,HWThread 11,
RDTSC Runtime [s],0.085178,
call count,10,
Event,Counter,HWThread 11
ACTUAL_CPU_CLOCK,FIXC1,334458100
MAX_CPU_CLOCK,FIXC2,291560800
RETIRED_INSTRUCTIONS,PMC0,664175400
CPU_CLOCKS_UNHALTED,PMC1,331243100
DRAM_CHANNEL_0,DFC0,12013
DRAM_CHANNEL_1,DFC1,6417
TABLE,Region calc-residue,Group 1 Metric,MEM,6
Metric,HWThread 11,
Runtime (RDTSC) [s],0.0852,
Runtime unhalted [s],0.0986,
Clock [MHz],3892.2568,
CPI,0.4987,
Memory bandwidth [MBytes/s],13.8477,
Memory data volume [GBytes],0.0012,
