--------------------------------------------------------------------------------
CPU name:	AMD Ryzen 5 2600 Six-Core Processor            
CPU type:	AMD K17 (Zen+) architecture
CPU clock:	3.39 GHz
--------------------------------------------------------------------------------
--------------------------------------------------------------------------------
STRUCT,Info,3
CPU name:,AMD Ryzen 5 2600 Six-Core Processor            ,
CPU type:,AMD K17 (Zen+) architecture,
CPU clock:,3.393569344 GHz,
TABLE,Region lu-factorization,Group 1 Raw,MEM,6
Region Info,HWThread 11,
RDTSC Runtime [s],2.814880,
call count,1,
Event,Counter,HWThread 11
ACTUAL_CPU_CLOCK,FIXC1,10957750000
MAX_CPU_CLOCK,FIXC2,9552909000
RETIRED_INSTRUCTIONS,PMC0,8082916000
CPU_CLOCKS_UNHALTED,PMC1,10884030000
DRAM_CHANNEL_0,DFC0,535630800
DRAM_CHANNEL_1,DFC1,109730100
TABLE,Region lu-factorization,Group 1 Metric,MEM,6
Metric,HWThread 11,
Runtime (RDTSC) [s],2.8149,
Runtime unhalted [s],3.2290,
Clock [MHz],3892.6242,
CPI,1.3465,
Memory bandwidth [MBytes/s],14673.1291,
Memory data volume [GBytes],41.3031,
STRUCT,Info,3
CPU name:,AMD Ryzen 5 2600 Six-Core Processor            ,
CPU type:,AMD K17 (Zen+) architecture,
CPU clock:,3.393569344 GHz,
TABLE,Region retrosubs,Group 1 Raw,MEM,6
Region Info,HWThread 11,
RDTSC Runtime [s],9.645516,
call count,1,
Event,Counter,HWThread 11
ACTUAL_CPU_CLOCK,FIXC1,37546750000
MAX_CPU_CLOCK,FIXC2,32733090000
RETIRED_INSTRUCTIONS,PMC0,52246970000
CPU_CLOCKS_UNHALTED,PMC1,37389090000
DRAM_CHANNEL_0,DFC0,1158210000
DRAM_CHANNEL_1,DFC1,103987500
TABLE,Region retrosubs,Group 1 Metric,MEM,6
Metric,HWThread 11,
Runtime (RDTSC) [s],9.6455,
Runtime unhalted [s],11.0641,
Clock [MHz],3892.6206,
CPI,0.7156,
Memory bandwidth [MBytes/s],8374.9423,
Memory data volume [GBytes],80.7806,
STRUCT,Info,3
CPU name:,AMD Ryzen 5 2600 Six-Core Processor            ,
CPU type:,AMD K17 (Zen+) architecture,
CPU clock:,3.393569344 GHz,
TABLE,Region calc-residue,Group 1 Raw,MEM,6
Region Info,HWThread 11,
RDTSC Runtime [s],46.775690,
call count,10,
Event,Counter,HWThread 11
ACTUAL_CPU_CLOCK,FIXC1,182084500000
MAX_CPU_CLOCK,FIXC2,158740300000
RETIRED_INSTRUCTIONS,PMC0,315758900000
CPU_CLOCKS_UNHALTED,PMC1,181658000000
DRAM_CHANNEL_0,DFC0,1338143000
DRAM_CHANNEL_1,DFC1,14319150
TABLE,Region calc-residue,Group 1 Metric,MEM,6
Metric,HWThread 11,
Runtime (RDTSC) [s],46.7757,
Runtime unhalted [s],53.6557,
Clock [MHz],3892.6245,
CPI,0.5753,
Memory bandwidth [MBytes/s],1850.4821,
Memory data volume [GBytes],86.5576,
