--------------------------------------------------------------------------------
CPU name:	AMD Ryzen 5 2600 Six-Core Processor            
CPU type:	AMD K17 (Zen+) architecture
CPU clock:	3.39 GHz
--------------------------------------------------------------------------------
--------------------------------------------------------------------------------
STRUCT,Info,3
CPU name:,AMD Ryzen 5 2600 Six-Core Processor            ,
CPU type:,AMD K17 (Zen+) architecture,
CPU clock:,3.393564548 GHz,
TABLE,Region lu-factorization,Group 1 Raw,FLOPS_DP,6
Region Info,HWThread 11,
RDTSC Runtime [s],0.001818,
call count,1,
Event,Counter,HWThread 11
ACTUAL_CPU_CLOCK,FIXC1,7318062
MAX_CPU_CLOCK,FIXC2,6389314
RETIRED_INSTRUCTIONS,PMC0,18388320
CPU_CLOCKS_UNHALTED,PMC1,6734617
RETIRED_SSE_AVX_FLOPS_DOUBLE_ALL,PMC2,11250830
MERGE,PMC3,0
TABLE,Region lu-factorization,Group 1 Metric,FLOPS_DP,5
Metric,HWThread 11,
Runtime (RDTSC) [s],0.0018,
Runtime unhalted [s],0.0022,
Clock [MHz],3886.8517,
CPI,0.3662,
DP [MFLOP/s],6188.2962,
STRUCT,Info,3
CPU name:,AMD Ryzen 5 2600 Six-Core Processor            ,
CPU type:,AMD K17 (Zen+) architecture,
CPU clock:,3.393564548 GHz,
TABLE,Region retrosubs,Group 1 Raw,FLOPS_DP,6
Region Info,HWThread 11,
RDTSC Runtime [s],0.017909,
call count,1,
Event,Counter,HWThread 11
ACTUAL_CPU_CLOCK,FIXC1,57656950
MAX_CPU_CLOCK,FIXC2,61027930
RETIRED_INSTRUCTIONS,PMC0,114424600
CPU_CLOCKS_UNHALTED,PMC1,56627960
RETIRED_SSE_AVX_FLOPS_DOUBLE_ALL,PMC2,34015240
MERGE,PMC3,0
TABLE,Region retrosubs,Group 1 Metric,FLOPS_DP,5
Metric,HWThread 11,
Runtime (RDTSC) [s],0.0179,
Runtime unhalted [s],0.0170,
Clock [MHz],3206.1153,
CPI,0.4949,
DP [MFLOP/s],1899.3059,
STRUCT,Info,3
CPU name:,AMD Ryzen 5 2600 Six-Core Processor            ,
CPU type:,AMD K17 (Zen+) architecture,
CPU clock:,3.393564548 GHz,
TABLE,Region calc-residue,Group 1 Raw,FLOPS_DP,6
Region Info,HWThread 11,
RDTSC Runtime [s],0.085404,
call count,10,
Event,Counter,HWThread 11
ACTUAL_CPU_CLOCK,FIXC1,335209600
MAX_CPU_CLOCK,FIXC2,292231400
RETIRED_INSTRUCTIONS,PMC0,672995300
CPU_CLOCKS_UNHALTED,PMC1,331989300
RETIRED_SSE_AVX_FLOPS_DOUBLE_ALL,PMC2,640120
MERGE,PMC3,0
TABLE,Region calc-residue,Group 1 Metric,FLOPS_DP,5
Metric,HWThread 11,
Runtime (RDTSC) [s],0.0854,
Runtime unhalted [s],0.0988,
Clock [MHz],3892.6529,
CPI,0.4933,
DP [MFLOP/s],7.4952,
