--------------------------------------------------------------------------------
CPU name:	AMD Ryzen 5 2600 Six-Core Processor            
CPU type:	AMD K17 (Zen+) architecture
CPU clock:	3.39 GHz
--------------------------------------------------------------------------------
--------------------------------------------------------------------------------
STRUCT,Info,3
CPU name:,AMD Ryzen 5 2600 Six-Core Processor            ,
CPU type:,AMD K17 (Zen+) architecture,
CPU clock:,3.391100871 GHz,
TABLE,Region lu-factorization,Group 1 Raw,CACHE,6
Region Info,HWThread 11,
RDTSC Runtime [s],0.000013,
call count,1,
Event,Counter,HWThread 11
ACTUAL_CPU_CLOCK,FIXC1,267826
MAX_CPU_CLOCK,FIXC2,348772
RETIRED_INSTRUCTIONS,PMC0,63900
CPU_CLOCKS_UNHALTED,PMC1,48778
DATA_CACHE_ACCESSES,PMC2,35593
DATA_CACHE_REFILLS_ALL,PMC3,489
TABLE,Region lu-factorization,Group 1 Metric,CACHE,9
Metric,HWThread 11,
Runtime (RDTSC) [s],1.269400e-05,
Runtime unhalted [s],0.0001,
Clock [MHz],2604.0651,
CPI,0.7633,
data cache requests,35593,
data cache request rate,0.5570,
data cache misses,489,
data cache miss rate,0.0077,
data cache miss ratio,0.0137,
STRUCT,Info,3
CPU name:,AMD Ryzen 5 2600 Six-Core Processor            ,
CPU type:,AMD K17 (Zen+) architecture,
CPU clock:,3.391100871 GHz,
TABLE,Region retrosubs,Group 1 Raw,CACHE,6
Region Info,HWThread 11,
RDTSC Runtime [s],0.000059,
call count,1,
Event,Counter,HWThread 11
ACTUAL_CPU_CLOCK,FIXC1,370537
MAX_CPU_CLOCK,FIXC2,485452
RETIRED_INSTRUCTIONS,PMC0,282459
CPU_CLOCKS_UNHALTED,PMC1,167450
DATA_CACHE_ACCESSES,PMC2,137931
DATA_CACHE_REFILLS_ALL,PMC3,1040
TABLE,Region retrosubs,Group 1 Metric,CACHE,9
Metric,HWThread 11,
Runtime (RDTSC) [s],0.0001,
Runtime unhalted [s],0.0001,
Clock [MHz],2588.3678,
CPI,0.5928,
data cache requests,137931,
data cache request rate,0.4883,
data cache misses,1040,
data cache miss rate,0.0037,
data cache miss ratio,0.0075,
STRUCT,Info,3
CPU name:,AMD Ryzen 5 2600 Six-Core Processor            ,
CPU type:,AMD K17 (Zen+) architecture,
CPU clock:,3.391100871 GHz,
TABLE,Region calc-residue,Group 1 Raw,CACHE,6
Region Info,HWThread 11,
RDTSC Runtime [s],0.000262,
call count,10,
Event,Counter,HWThread 11
ACTUAL_CPU_CLOCK,FIXC1,2848755
MAX_CPU_CLOCK,FIXC2,3722150
RETIRED_INSTRUCTIONS,PMC0,1394391
CPU_CLOCKS_UNHALTED,PMC1,848105
DATA_CACHE_ACCESSES,PMC2,1267249
DATA_CACHE_REFILLS_ALL,PMC3,6003
TABLE,Region calc-residue,Group 1 Metric,CACHE,9
Metric,HWThread 11,
Runtime (RDTSC) [s],0.0003,
Runtime unhalted [s],0.0008,
Clock [MHz],2595.3859,
CPI,0.6082,
data cache requests,1267249,
data cache request rate,0.9088,
data cache misses,6003,
data cache miss rate,0.0043,
data cache miss ratio,0.0047,
