--------------------------------------------------------------------------------
CPU name:	AMD Ryzen 5 2600 Six-Core Processor            
CPU type:	AMD K17 (Zen+) architecture
CPU clock:	3.39 GHz
--------------------------------------------------------------------------------
--------------------------------------------------------------------------------
STRUCT,Info,3
CPU name:,AMD Ryzen 5 2600 Six-Core Processor            ,
CPU type:,AMD K17 (Zen+) architecture,
CPU clock:,3.393366487 GHz,
TABLE,Region lu-factorization,Group 1 Raw,MEM,6
Region Info,HWThread 11,
RDTSC Runtime [s],0.000015,
call count,1,
Event,Counter,HWThread 11
ACTUAL_CPU_CLOCK,FIXC1,261877
MAX_CPU_CLOCK,FIXC2,342856
RETIRED_INSTRUCTIONS,PMC0,70028
CPU_CLOCKS_UNHALTED,PMC1,52238
DRAM_CHANNEL_0,DFC0,136
DRAM_CHANNEL_1,DFC1,65
TABLE,Region lu-factorization,Group 1 Metric,MEM,6
Metric,HWThread 11,
Runtime (RDTSC) [s],1.453748e-05,
Runtime unhalted [s],0.0001,
Clock [MHz],2591.8888,
CPI,0.7460,
Memory bandwidth [MBytes/s],884.8851,
Memory data volume [GBytes],1.286400e-05,
STRUCT,Info,3
CPU name:,AMD Ryzen 5 2600 Six-Core Processor            ,
CPU type:,AMD K17 (Zen+) architecture,
CPU clock:,3.393366487 GHz,
TABLE,Region retrosubs,Group 1 Raw,MEM,6
Region Info,HWThread 11,
RDTSC Runtime [s],0.000064,
call count,1,
Event,Counter,HWThread 11
ACTUAL_CPU_CLOCK,FIXC1,388047
MAX_CPU_CLOCK,FIXC2,507960
RETIRED_INSTRUCTIONS,PMC0,307752
CPU_CLOCKS_UNHALTED,PMC1,180907
DRAM_CHANNEL_0,DFC0,142
DRAM_CHANNEL_1,DFC1,79
TABLE,Region retrosubs,Group 1 Metric,MEM,6
Metric,HWThread 11,
Runtime (RDTSC) [s],0.0001,
Runtime unhalted [s],0.0001,
Clock [MHz],2592.3019,
CPI,0.5878,
Memory bandwidth [MBytes/s],220.1694,
Memory data volume [GBytes],1.414400e-05,
STRUCT,Info,3
CPU name:,AMD Ryzen 5 2600 Six-Core Processor            ,
CPU type:,AMD K17 (Zen+) architecture,
CPU clock:,3.393366487 GHz,
TABLE,Region calc-residue,Group 1 Raw,MEM,6
Region Info,HWThread 11,
RDTSC Runtime [s],0.000280,
call count,10,
Event,Counter,HWThread 11
ACTUAL_CPU_CLOCK,FIXC1,2896186
MAX_CPU_CLOCK,FIXC2,3784472
RETIRED_INSTRUCTIONS,PMC0,1525691
CPU_CLOCKS_UNHALTED,PMC1,897659
DRAM_CHANNEL_0,DFC0,766
DRAM_CHANNEL_1,DFC1,538
TABLE,Region calc-residue,Group 1 Metric,MEM,6
Metric,HWThread 11,
Runtime (RDTSC) [s],0.0003,
Runtime unhalted [s],0.0009,
Clock [MHz],2596.8802,
CPI,0.5884,
Memory bandwidth [MBytes/s],298.4210,
Memory data volume [GBytes],0.0001,
