--------------------------------------------------------------------------------
CPU name:	AMD Ryzen 5 2600 Six-Core Processor            
CPU type:	AMD K17 (Zen+) architecture
CPU clock:	3.39 GHz
--------------------------------------------------------------------------------
--------------------------------------------------------------------------------
STRUCT,Info,3
CPU name:,AMD Ryzen 5 2600 Six-Core Processor            ,
CPU type:,AMD K17 (Zen+) architecture,
CPU clock:,3.393561593 GHz,
TABLE,Region lu-factorization,Group 1 Raw,FLOPS_DP,6
Region Info,HWThread 11,
RDTSC Runtime [s],0.000023,
call count,1,
Event,Counter,HWThread 11
ACTUAL_CPU_CLOCK,FIXC1,265120
MAX_CPU_CLOCK,FIXC2,565284
RETIRED_INSTRUCTIONS,PMC0,63900
CPU_CLOCKS_UNHALTED,PMC1,49292
RETIRED_SSE_AVX_FLOPS_DOUBLE_ALL,PMC2,20861
MERGE,PMC3,0
TABLE,Region lu-factorization,Group 1 Metric,FLOPS_DP,5
Metric,HWThread 11,
Runtime (RDTSC) [s],2.275302e-05,
Runtime unhalted [s],0.0001,
Clock [MHz],1591.5912,
CPI,0.7714,
DP [MFLOP/s],916.8453,
STRUCT,Info,3
CPU name:,AMD Ryzen 5 2600 Six-Core Processor            ,
CPU type:,AMD K17 (Zen+) architecture,
CPU clock:,3.393561593 GHz,
TABLE,Region retrosubs,Group 1 Raw,FLOPS_DP,6
Region Info,HWThread 11,
RDTSC Runtime [s],0.000105,
call count,1,
Event,Counter,HWThread 11
ACTUAL_CPU_CLOCK,FIXC1,397900
MAX_CPU_CLOCK,FIXC2,878832
RETIRED_INSTRUCTIONS,PMC0,282455
CPU_CLOCKS_UNHALTED,PMC1,182530
RETIRED_SSE_AVX_FLOPS_DOUBLE_ALL,PMC2,66570
MERGE,PMC3,0
TABLE,Region retrosubs,Group 1 Metric,FLOPS_DP,5
Metric,HWThread 11,
Runtime (RDTSC) [s],0.0001,
Runtime unhalted [s],0.0001,
Clock [MHz],1536.4690,
CPI,0.6462,
DP [MFLOP/s],635.0390,
STRUCT,Info,3
CPU name:,AMD Ryzen 5 2600 Six-Core Processor            ,
CPU type:,AMD K17 (Zen+) architecture,
CPU clock:,3.393561593 GHz,
TABLE,Region calc-residue,Group 1 Raw,FLOPS_DP,6
Region Info,HWThread 11,
RDTSC Runtime [s],0.000473,
call count,10,
Event,Counter,HWThread 11
ACTUAL_CPU_CLOCK,FIXC1,3302049
MAX_CPU_CLOCK,FIXC2,6806664
RETIRED_INSTRUCTIONS,PMC0,1394734
CPU_CLOCKS_UNHALTED,PMC1,959165
RETIRED_SSE_AVX_FLOPS_DOUBLE_ALL,PMC2,100
MERGE,PMC3,0
TABLE,Region calc-residue,Group 1 Metric,FLOPS_DP,5
Metric,HWThread 11,
Runtime (RDTSC) [s],0.0005,
Runtime unhalted [s],0.0010,
Clock [MHz],1646.2847,
CPI,0.6877,
DP [MFLOP/s],0.2115,
