--------------------------------------------------------------------------------
CPU name:	AMD Ryzen 5 2600 Six-Core Processor            
CPU type:	AMD K17 (Zen+) architecture
CPU clock:	3.39 GHz
--------------------------------------------------------------------------------
--------------------------------------------------------------------------------
STRUCT,Info,3
CPU name:,AMD Ryzen 5 2600 Six-Core Processor            ,
CPU type:,AMD K17 (Zen+) architecture,
CPU clock:,3.393572247 GHz,
TABLE,Region lu-factorization,Group 1 Raw,FLOPS_DP,6
Region Info,HWThread 11,
RDTSC Runtime [s],0.000035,
call count,1,
Event,Counter,HWThread 11
ACTUAL_CPU_CLOCK,FIXC1,344405
MAX_CPU_CLOCK,FIXC2,802638
RETIRED_INSTRUCTIONS,PMC0,70018
CPU_CLOCKS_UNHALTED,PMC1,73182
RETIRED_SSE_AVX_FLOPS_DOUBLE_ALL,PMC2,22942
MERGE,PMC3,0
TABLE,Region lu-factorization,Group 1 Metric,FLOPS_DP,5
Metric,HWThread 11,
Runtime (RDTSC) [s],3.530682e-05,
Runtime unhalted [s],0.0001,
Clock [MHz],1456.1524,
CPI,1.0452,
DP [MFLOP/s],649.7895,
STRUCT,Info,3
CPU name:,AMD Ryzen 5 2600 Six-Core Processor            ,
CPU type:,AMD K17 (Zen+) architecture,
CPU clock:,3.393572247 GHz,
TABLE,Region retrosubs,Group 1 Raw,FLOPS_DP,6
Region Info,HWThread 11,
RDTSC Runtime [s],0.000107,
call count,1,
Event,Counter,HWThread 11
ACTUAL_CPU_CLOCK,FIXC1,383724
MAX_CPU_CLOCK,FIXC2,831776
RETIRED_INSTRUCTIONS,PMC0,307742
CPU_CLOCKS_UNHALTED,PMC1,181440
RETIRED_SSE_AVX_FLOPS_DOUBLE_ALL,PMC2,72973
MERGE,PMC3,0
TABLE,Region retrosubs,Group 1 Metric,FLOPS_DP,5
Metric,HWThread 11,
Runtime (RDTSC) [s],0.0001,
Runtime unhalted [s],0.0001,
Clock [MHz],1565.5599,
CPI,0.5896,
DP [MFLOP/s],680.5088,
STRUCT,Info,3
CPU name:,AMD Ryzen 5 2600 Six-Core Processor            ,
CPU type:,AMD K17 (Zen+) architecture,
CPU clock:,3.393572247 GHz,
TABLE,Region calc-residue,Group 1 Raw,FLOPS_DP,6
Region Info,HWThread 11,
RDTSC Runtime [s],0.000494,
call count,10,
Event,Counter,HWThread 11
ACTUAL_CPU_CLOCK,FIXC1,3121876
MAX_CPU_CLOCK,FIXC2,6817306
RETIRED_INSTRUCTIONS,PMC0,1525933
CPU_CLOCKS_UNHALTED,PMC1,962875
RETIRED_SSE_AVX_FLOPS_DOUBLE_ALL,PMC2,8440
MERGE,PMC3,0
TABLE,Region calc-residue,Group 1 Metric,FLOPS_DP,5
Metric,HWThread 11,
Runtime (RDTSC) [s],0.0005,
Runtime unhalted [s],0.0009,
Clock [MHz],1554.0320,
CPI,0.6310,
DP [MFLOP/s],17.0852,
