--------------------------------------------------------------------------------
CPU name:	AMD Ryzen 5 2600 Six-Core Processor            
CPU type:	AMD K17 (Zen+) architecture
CPU clock:	3.39 GHz
--------------------------------------------------------------------------------
--------------------------------------------------------------------------------
STRUCT,Info,3
CPU name:,AMD Ryzen 5 2600 Six-Core Processor            ,
CPU type:,AMD K17 (Zen+) architecture,
CPU clock:,3.393443986 GHz,
TABLE,Region lu-factorization,Group 1 Raw,MEM,6
Region Info,HWThread 11,
RDTSC Runtime [s],23.040350,
call count,1,
Event,Counter,HWThread 11
ACTUAL_CPU_CLOCK,FIXC1,89680690000
MAX_CPU_CLOCK,FIXC2,78183190000
RETIRED_INSTRUCTIONS,PMC0,64331370000
CPU_CLOCKS_UNHALTED,PMC1,89172010000
DRAM_CHANNEL_0,DFC0,3750201000
DRAM_CHANNEL_1,DFC1,1826402000
TABLE,Region lu-factorization,Group 1 Metric,MEM,6
Metric,HWThread 11,
Runtime (RDTSC) [s],23.0404,
Runtime unhalted [s],26.4276,
Clock [MHz],3892.4787,
CPI,1.3861,
Memory bandwidth [MBytes/s],15490.3286,
Memory data volume [GBytes],356.9026,
STRUCT,Info,3
CPU name:,AMD Ryzen 5 2600 Six-Core Processor            ,
CPU type:,AMD K17 (Zen+) architecture,
CPU clock:,3.393443986 GHz,
TABLE,Region retrosubs,Group 1 Raw,MEM,6
Region Info,HWThread 11,
RDTSC Runtime [s],154.509600,
call count,1,
Event,Counter,HWThread 11
ACTUAL_CPU_CLOCK,FIXC1,601399700000
MAX_CPU_CLOCK,FIXC2,524297300000
RETIRED_INSTRUCTIONS,PMC0,416988000000
CPU_CLOCKS_UNHALTED,PMC1,599780600000
DRAM_CHANNEL_0,DFC0,7416008000
DRAM_CHANNEL_1,DFC1,4456729000
TABLE,Region retrosubs,Group 1 Metric,MEM,6
Metric,HWThread 11,
Runtime (RDTSC) [s],154.5096,
Runtime unhalted [s],177.2240,
Clock [MHz],3892.4789,
CPI,1.4384,
Memory bandwidth [MBytes/s],4917.8509,
Memory data volume [GBytes],759.8552,
STRUCT,Info,3
CPU name:,AMD Ryzen 5 2600 Six-Core Processor            ,
CPU type:,AMD K17 (Zen+) architecture,
CPU clock:,3.393443986 GHz,
TABLE,Region calc-residue,Group 1 Raw,MEM,6
Region Info,HWThread 11,
RDTSC Runtime [s],493.334100,
call count,10,
Event,Counter,HWThread 11
ACTUAL_CPU_CLOCK,FIXC1,1920213000000
MAX_CPU_CLOCK,FIXC2,1674033000000
RETIRED_INSTRUCTIONS,PMC0,2525535000000
CPU_CLOCKS_UNHALTED,PMC1,1916651000000
DRAM_CHANNEL_0,DFC0,6876835000
DRAM_CHANNEL_1,DFC1,3878741000
TABLE,Region calc-residue,Group 1 Metric,MEM,6
Metric,HWThread 11,
Runtime (RDTSC) [s],493.3341,
Runtime unhalted [s],565.8596,
Clock [MHz],3892.4772,
CPI,0.7589,
Memory bandwidth [MBytes/s],1395.3158,
Memory data volume [GBytes],688.3569,
