--------------------------------------------------------------------------------
CPU name:	AMD Ryzen 5 2600 Six-Core Processor            
CPU type:	AMD K17 (Zen+) architecture
CPU clock:	3.39 GHz
--------------------------------------------------------------------------------
--------------------------------------------------------------------------------
STRUCT,Info,3
CPU name:,AMD Ryzen 5 2600 Six-Core Processor            ,
CPU type:,AMD K17 (Zen+) architecture,
CPU clock:,3.393299856 GHz,
TABLE,Region lu-factorization,Group 1 Raw,FLOPS_DP,6
Region Info,HWThread 11,
RDTSC Runtime [s],23.042870,
call count,1,
Event,Counter,HWThread 11
ACTUAL_CPU_CLOCK,FIXC1,89697930000
MAX_CPU_CLOCK,FIXC2,78198220000
RETIRED_INSTRUCTIONS,PMC0,64331370000
CPU_CLOCKS_UNHALTED,PMC1,89181050000
RETIRED_SSE_AVX_FLOPS_DOUBLE_ALL,PMC2,42650670000
MERGE,PMC3,0
TABLE,Region lu-factorization,Group 1 Metric,FLOPS_DP,5
Metric,HWThread 11,
Runtime (RDTSC) [s],23.0429,
Runtime unhalted [s],26.4338,
Clock [MHz],3892.3133,
CPI,1.3863,
DP [MFLOP/s],1850.9270,
STRUCT,Info,3
CPU name:,AMD Ryzen 5 2600 Six-Core Processor            ,
CPU type:,AMD K17 (Zen+) architecture,
CPU clock:,3.393299856 GHz,
TABLE,Region retrosubs,Group 1 Raw,FLOPS_DP,6
Region Info,HWThread 11,
RDTSC Runtime [s],154.735100,
call count,1,
Event,Counter,HWThread 11
ACTUAL_CPU_CLOCK,FIXC1,602326600000
MAX_CPU_CLOCK,FIXC2,525105600000
RETIRED_INSTRUCTIONS,PMC0,416988000000
CPU_CLOCKS_UNHALTED,PMC1,600677800000
RETIRED_SSE_AVX_FLOPS_DOUBLE_ALL,PMC2,128016000000
MERGE,PMC3,0
TABLE,Region retrosubs,Group 1 Metric,FLOPS_DP,5
Metric,HWThread 11,
Runtime (RDTSC) [s],154.7351,
Runtime unhalted [s],177.5047,
Clock [MHz],3892.3119,
CPI,1.4405,
DP [MFLOP/s],827.3236,
STRUCT,Info,3
CPU name:,AMD Ryzen 5 2600 Six-Core Processor            ,
CPU type:,AMD K17 (Zen+) architecture,
CPU clock:,3.393299856 GHz,
TABLE,Region calc-residue,Group 1 Raw,FLOPS_DP,6
Region Info,HWThread 11,
RDTSC Runtime [s],483.720200,
call count,10,
Event,Counter,HWThread 11
ACTUAL_CPU_CLOCK,FIXC1,1882948000000
MAX_CPU_CLOCK,FIXC2,1641545000000
RETIRED_INSTRUCTIONS,PMC0,2525535000000
CPU_CLOCKS_UNHALTED,PMC1,1879360000000
RETIRED_SSE_AVX_FLOPS_DOUBLE_ALL,PMC2,100
MERGE,PMC3,0
TABLE,Region calc-residue,Group 1 Metric,FLOPS_DP,5
Metric,HWThread 11,
Runtime (RDTSC) [s],483.7202,
Runtime unhalted [s],554.9017,
Clock [MHz],3892.3131,
CPI,0.7441,
DP [MFLOP/s],2.067311e-07,
