--------------------------------------------------------------------------------
CPU name:	AMD Ryzen 5 2600 Six-Core Processor            
CPU type:	AMD K17 (Zen+) architecture
CPU clock:	3.39 GHz
--------------------------------------------------------------------------------
--------------------------------------------------------------------------------
STRUCT,Info,3
CPU name:,AMD Ryzen 5 2600 Six-Core Processor            ,
CPU type:,AMD K17 (Zen+) architecture,
CPU clock:,3.393568767 GHz,
TABLE,Region lu-factorization,Group 1 Raw,CACHE,6
Region Info,HWThread 11,
RDTSC Runtime [s],0.014128,
call count,1,
Event,Counter,HWThread 11
ACTUAL_CPU_CLOCK,FIXC1,53850830
MAX_CPU_CLOCK,FIXC2,48308870
RETIRED_INSTRUCTIONS,PMC0,139696400
CPU_CLOCKS_UNHALTED,PMC1,52299430
DATA_CACHE_ACCESSES,PMC2,85978740
DATA_CACHE_REFILLS_ALL,PMC3,1107928
TABLE,Region lu-factorization,Group 1 Metric,CACHE,9
Metric,HWThread 11,
Runtime (RDTSC) [s],0.0141,
Runtime unhalted [s],0.0159,
Clock [MHz],3782.8766,
CPI,0.3744,
data cache requests,85978740,
data cache request rate,0.6155,
data cache misses,1107928,
data cache miss rate,0.0079,
data cache miss ratio,0.0129,
STRUCT,Info,3
CPU name:,AMD Ryzen 5 2600 Six-Core Processor            ,
CPU type:,AMD K17 (Zen+) architecture,
CPU clock:,3.393568767 GHz,
TABLE,Region retrosubs,Group 1 Raw,CACHE,6
Region Info,HWThread 11,
RDTSC Runtime [s],1.167275,
call count,1,
Event,Counter,HWThread 11
ACTUAL_CPU_CLOCK,FIXC1,4542979000
MAX_CPU_CLOCK,FIXC2,3960555000
RETIRED_INSTRUCTIONS,PMC0,888603500
CPU_CLOCKS_UNHALTED,PMC1,4536348000
DATA_CACHE_ACCESSES,PMC2,555262800
DATA_CACHE_REFILLS_ALL,PMC3,1619581000
TABLE,Region retrosubs,Group 1 Metric,CACHE,9
Metric,HWThread 11,
Runtime (RDTSC) [s],1.1673,
Runtime unhalted [s],1.3387,
Clock [MHz],3892.6140,
CPI,5.1050,
data cache requests,555262800,
data cache request rate,0.6249,
data cache misses,1619581000,
data cache miss rate,1.8226,
data cache miss ratio,2.9168,
STRUCT,Info,3
CPU name:,AMD Ryzen 5 2600 Six-Core Processor            ,
CPU type:,AMD K17 (Zen+) architecture,
CPU clock:,3.393568767 GHz,
TABLE,Region calc-residue,Group 1 Raw,CACHE,6
Region Info,HWThread 11,
RDTSC Runtime [s],0.691384,
call count,10,
Event,Counter,HWThread 11
ACTUAL_CPU_CLOCK,FIXC1,2694356000
MAX_CPU_CLOCK,FIXC2,2348889000
RETIRED_INSTRUCTIONS,PMC0,5304149000
CPU_CLOCKS_UNHALTED,PMC1,2687255000
DATA_CACHE_ACCESSES,PMC2,4944084000
DATA_CACHE_REFILLS_ALL,PMC3,43860670
TABLE,Region calc-residue,Group 1 Metric,CACHE,9
Metric,HWThread 11,
Runtime (RDTSC) [s],0.6914,
Runtime unhalted [s],0.7940,
Clock [MHz],3892.6839,
CPI,0.5066,
data cache requests,4944084000,
data cache request rate,0.9321,
data cache misses,43860670,
data cache miss rate,0.0083,
data cache miss ratio,0.0089,
