--------------------------------------------------------------------------------
CPU name:	AMD Ryzen 5 2600 Six-Core Processor            
CPU type:	AMD K17 (Zen+) architecture
CPU clock:	3.39 GHz
--------------------------------------------------------------------------------
--------------------------------------------------------------------------------
STRUCT,Info,3
CPU name:,AMD Ryzen 5 2600 Six-Core Processor            ,
CPU type:,AMD K17 (Zen+) architecture,
CPU clock:,3.393564313 GHz,
TABLE,Region lu-factorization,Group 1 Raw,FLOPS_DP,6
Region Info,HWThread 11,
RDTSC Runtime [s],0.013728,
call count,1,
Event,Counter,HWThread 11
ACTUAL_CPU_CLOCK,FIXC1,53759020
MAX_CPU_CLOCK,FIXC2,46868180
RETIRED_INSTRUCTIONS,PMC0,139696400
CPU_CLOCKS_UNHALTED,PMC1,51662680
RETIRED_SSE_AVX_FLOPS_DOUBLE_ALL,PMC2,89216780
MERGE,PMC3,0
TABLE,Region lu-factorization,Group 1 Metric,FLOPS_DP,5
Metric,HWThread 11,
Runtime (RDTSC) [s],0.0137,
Runtime unhalted [s],0.0158,
Clock [MHz],3892.5064,
CPI,0.3698,
DP [MFLOP/s],6499.1186,
STRUCT,Info,3
CPU name:,AMD Ryzen 5 2600 Six-Core Processor            ,
CPU type:,AMD K17 (Zen+) architecture,
CPU clock:,3.393564313 GHz,
TABLE,Region retrosubs,Group 1 Raw,FLOPS_DP,6
Region Info,HWThread 11,
RDTSC Runtime [s],1.166453,
call count,1,
Event,Counter,HWThread 11
ACTUAL_CPU_CLOCK,FIXC1,4540995000
MAX_CPU_CLOCK,FIXC2,3958823000
RETIRED_INSTRUCTIONS,PMC0,888603600
CPU_CLOCKS_UNHALTED,PMC1,4534452000
RETIRED_SSE_AVX_FLOPS_DOUBLE_ALL,PMC2,268697600
MERGE,PMC3,0
TABLE,Region retrosubs,Group 1 Metric,FLOPS_DP,5
Metric,HWThread 11,
Runtime (RDTSC) [s],1.1665,
Runtime unhalted [s],1.3381,
Clock [MHz],3892.6112,
CPI,5.1029,
DP [MFLOP/s],230.3544,
STRUCT,Info,3
CPU name:,AMD Ryzen 5 2600 Six-Core Processor            ,
CPU type:,AMD K17 (Zen+) architecture,
CPU clock:,3.393564313 GHz,
TABLE,Region calc-residue,Group 1 Raw,FLOPS_DP,6
Region Info,HWThread 11,
RDTSC Runtime [s],0.691235,
call count,10,
Event,Counter,HWThread 11
ACTUAL_CPU_CLOCK,FIXC1,2694429000
MAX_CPU_CLOCK,FIXC2,2348964000
RETIRED_INSTRUCTIONS,PMC0,5304148000
CPU_CLOCKS_UNHALTED,PMC1,2687198000
RETIRED_SSE_AVX_FLOPS_DOUBLE_ALL,PMC2,100
MERGE,PMC3,0
TABLE,Region calc-residue,Group 1 Metric,FLOPS_DP,5
Metric,HWThread 11,
Runtime (RDTSC) [s],0.6912,
Runtime unhalted [s],0.7940,
Clock [MHz],3892.6600,
CPI,0.5066,
DP [MFLOP/s],0.0001,
