--------------------------------------------------------------------------------
CPU name:	AMD Ryzen 5 2600 Six-Core Processor            
CPU type:	AMD K17 (Zen+) architecture
CPU clock:	3.39 GHz
--------------------------------------------------------------------------------
--------------------------------------------------------------------------------
STRUCT,Info,3
CPU name:,AMD Ryzen 5 2600 Six-Core Processor            ,
CPU type:,AMD K17 (Zen+) architecture,
CPU clock:,3.393567764 GHz,
TABLE,Region lu-factorization,Group 1 Raw,FLOPS_DP,6
Region Info,HWThread 11,
RDTSC Runtime [s],0.000061,
call count,1,
Event,Counter,HWThread 11
ACTUAL_CPU_CLOCK,FIXC1,381359
MAX_CPU_CLOCK,FIXC2,496366
RETIRED_INSTRUCTIONS,PMC0,359278
CPU_CLOCKS_UNHALTED,PMC1,158349
RETIRED_SSE_AVX_FLOPS_DOUBLE_ALL,PMC2,170733
MERGE,PMC3,0
TABLE,Region lu-factorization,Group 1 Metric,FLOPS_DP,5
Metric,HWThread 11,
Runtime (RDTSC) [s],0.0001,
Runtime unhalted [s],0.0001,
Clock [MHz],2607.2850,
CPI,0.4407,
DP [MFLOP/s],2817.1582,
STRUCT,Info,3
CPU name:,AMD Ryzen 5 2600 Six-Core Processor            ,
CPU type:,AMD K17 (Zen+) architecture,
CPU clock:,3.393567764 GHz,
TABLE,Region retrosubs,Group 1 Raw,FLOPS_DP,6
Region Info,HWThread 11,
RDTSC Runtime [s],0.000659,
call count,1,
Event,Counter,HWThread 11
ACTUAL_CPU_CLOCK,FIXC1,1245013
MAX_CPU_CLOCK,FIXC2,2714458
RETIRED_INSTRUCTIONS,PMC0,1962411
CPU_CLOCKS_UNHALTED,PMC1,1029405
RETIRED_SSE_AVX_FLOPS_DOUBLE_ALL,PMC2,528394
MERGE,PMC3,0
TABLE,Region retrosubs,Group 1 Metric,FLOPS_DP,5
Metric,HWThread 11,
Runtime (RDTSC) [s],0.0007,
Runtime unhalted [s],0.0004,
Clock [MHz],1556.4934,
CPI,0.5246,
DP [MFLOP/s],801.5838,
STRUCT,Info,3
CPU name:,AMD Ryzen 5 2600 Six-Core Processor            ,
CPU type:,AMD K17 (Zen+) architecture,
CPU clock:,3.393567764 GHz,
TABLE,Region calc-residue,Group 1 Raw,FLOPS_DP,6
Region Info,HWThread 11,
RDTSC Runtime [s],0.002328,
call count,10,
Event,Counter,HWThread 11
ACTUAL_CPU_CLOCK,FIXC1,8347745
MAX_CPU_CLOCK,FIXC2,11613110
RETIRED_INSTRUCTIONS,PMC0,10547690
CPU_CLOCKS_UNHALTED,PMC1,5590949
RETIRED_SSE_AVX_FLOPS_DOUBLE_ALL,PMC2,100
MERGE,PMC3,0
TABLE,Region calc-residue,Group 1 Metric,FLOPS_DP,5
Metric,HWThread 11,
Runtime (RDTSC) [s],0.0023,
Runtime unhalted [s],0.0025,
Clock [MHz],2439.3671,
CPI,0.5301,
DP [MFLOP/s],0.0430,
