--------------------------------------------------------------------------------
CPU name:	AMD Ryzen 5 2600 Six-Core Processor            
CPU type:	AMD K17 (Zen+) architecture
CPU clock:	3.39 GHz
--------------------------------------------------------------------------------
--------------------------------------------------------------------------------
STRUCT,Info,3
CPU name:,AMD Ryzen 5 2600 Six-Core Processor            ,
CPU type:,AMD K17 (Zen+) architecture,
CPU clock:,3.393539404 GHz,
TABLE,Region lu-factorization,Group 1 Raw,FLOPS_DP,6
Region Info,HWThread 11,
RDTSC Runtime [s],73.913060,
call count,1,
Event,Counter,HWThread 11
ACTUAL_CPU_CLOCK,FIXC1,287713400000
MAX_CPU_CLOCK,FIXC2,250827600000
RETIRED_INSTRUCTIONS,PMC0,216745200000
CPU_CLOCKS_UNHALTED,PMC1,286301800000
RETIRED_SSE_AVX_FLOPS_DOUBLE_ALL,PMC2,143964000000
MERGE,PMC3,0
TABLE,Region lu-factorization,Group 1 Metric,FLOPS_DP,5
Metric,HWThread 11,
Runtime (RDTSC) [s],73.9131,
Runtime unhalted [s],84.7827,
Clock [MHz],3892.5810,
CPI,1.3209,
DP [MFLOP/s],1947.7478,
STRUCT,Info,3
CPU name:,AMD Ryzen 5 2600 Six-Core Processor            ,
CPU type:,AMD K17 (Zen+) architecture,
CPU clock:,3.393539404 GHz,
TABLE,Region retrosubs,Group 1 Raw,FLOPS_DP,6
Region Info,HWThread 11,
RDTSC Runtime [s],684.004700,
call count,1,
Event,Counter,HWThread 11
ACTUAL_CPU_CLOCK,FIXC1,2662548000000
MAX_CPU_CLOCK,FIXC2,2321200000000
RETIRED_INSTRUCTIONS,PMC0,1406223000000
CPU_CLOCKS_UNHALTED,PMC1,2656459000000
RETIRED_SSE_AVX_FLOPS_DOUBLE_ALL,PMC2,432036000000
MERGE,PMC3,0
TABLE,Region retrosubs,Group 1 Metric,FLOPS_DP,5
Metric,HWThread 11,
Runtime (RDTSC) [s],684.0047,
Runtime unhalted [s],784.5932,
Clock [MHz],3892.5821,
CPI,1.8891,
DP [MFLOP/s],631.6272,
STRUCT,Info,3
CPU name:,AMD Ryzen 5 2600 Six-Core Processor            ,
CPU type:,AMD K17 (Zen+) architecture,
CPU clock:,3.393539404 GHz,
TABLE,Region calc-residue,Group 1 Raw,FLOPS_DP,6
Region Info,HWThread 11,
RDTSC Runtime [s],1728.797000,
call count,10,
Event,Counter,HWThread 11
ACTUAL_CPU_CLOCK,FIXC1,6729501000000
MAX_CPU_CLOCK,FIXC2,5866750000000
RETIRED_INSTRUCTIONS,PMC0,8523080000000
CPU_CLOCKS_UNHALTED,PMC1,6717148000000
RETIRED_SSE_AVX_FLOPS_DOUBLE_ALL,PMC2,100
MERGE,PMC3,0
TABLE,Region calc-residue,Group 1 Metric,FLOPS_DP,5
Metric,HWThread 11,
Runtime (RDTSC) [s],1728.7970,
Runtime unhalted [s],1983.0331,
Clock [MHz],3892.5856,
CPI,0.7881,
DP [MFLOP/s],5.784369e-08,
