--------------------------------------------------------------------------------
CPU name:	AMD Ryzen 5 2600 Six-Core Processor            
CPU type:	AMD K17 (Zen+) architecture
CPU clock:	3.39 GHz
--------------------------------------------------------------------------------
--------------------------------------------------------------------------------
STRUCT,Info,3
CPU name:,AMD Ryzen 5 2600 Six-Core Processor            ,
CPU type:,AMD K17 (Zen+) architecture,
CPU clock:,3.390485221 GHz,
TABLE,Region lu-factorization,Group 1 Raw,MEM,6
Region Info,HWThread 11,
RDTSC Runtime [s],74.586070,
call count,1,
Event,Counter,HWThread 11
ACTUAL_CPU_CLOCK,FIXC1,290335600000
MAX_CPU_CLOCK,FIXC2,253113300000
RETIRED_INSTRUCTIONS,PMC0,216745200000
CPU_CLOCKS_UNHALTED,PMC1,288846700000
DRAM_CHANNEL_0,DFC0,9968434000
DRAM_CHANNEL_1,DFC1,8731336000
TABLE,Region lu-factorization,Group 1 Metric,MEM,6
Metric,HWThread 11,
Runtime (RDTSC) [s],74.5861,
Runtime unhalted [s],85.6325,
Clock [MHz],3889.0827,
CPI,1.3327,
Memory bandwidth [MBytes/s],16045.6943,
Memory data volume [GBytes],1196.7853,
STRUCT,Info,3
CPU name:,AMD Ryzen 5 2600 Six-Core Processor            ,
CPU type:,AMD K17 (Zen+) architecture,
CPU clock:,3.390485221 GHz,
TABLE,Region retrosubs,Group 1 Raw,MEM,6
Region Info,HWThread 11,
RDTSC Runtime [s],678.114700,
call count,1,
Event,Counter,HWThread 11
ACTUAL_CPU_CLOCK,FIXC1,2639641000000
MAX_CPU_CLOCK,FIXC2,2301228000000
RETIRED_INSTRUCTIONS,PMC0,1406223000000
CPU_CLOCKS_UNHALTED,PMC1,2633747000000
DRAM_CHANNEL_0,DFC0,23206450000
DRAM_CHANNEL_1,DFC1,14607040000
TABLE,Region retrosubs,Group 1 Metric,MEM,6
Metric,HWThread 11,
Runtime (RDTSC) [s],678.1147,
Runtime unhalted [s],778.5437,
Clock [MHz],3889.0817,
CPI,1.8729,
Memory bandwidth [MBytes/s],3568.8112,
Memory data volume [GBytes],2420.0634,
STRUCT,Info,3
CPU name:,AMD Ryzen 5 2600 Six-Core Processor            ,
CPU type:,AMD K17 (Zen+) architecture,
CPU clock:,3.390485221 GHz,
TABLE,Region calc-residue,Group 1 Raw,MEM,6
Region Info,HWThread 11,
RDTSC Runtime [s],1651.611000,
call count,10,
Event,Counter,HWThread 11
ACTUAL_CPU_CLOCK,FIXC1,6428894000000
MAX_CPU_CLOCK,FIXC2,5604857000000
RETIRED_INSTRUCTIONS,PMC0,8523079000000
CPU_CLOCKS_UNHALTED,PMC1,6417206000000
DRAM_CHANNEL_0,DFC0,19823460000
DRAM_CHANNEL_1,DFC1,15557710000
TABLE,Region calc-residue,Group 1 Metric,MEM,6
Metric,HWThread 11,
Runtime (RDTSC) [s],1651.6110,
Runtime unhalted [s],1896.1575,
Clock [MHz],3888.9610,
CPI,0.7529,
Memory bandwidth [MBytes/s],1371.0219,
Memory data volume [GBytes],2264.3949,
