--------------------------------------------------------------------------------
CPU name:	AMD Ryzen 5 2600 Six-Core Processor            
CPU type:	AMD K17 (Zen+) architecture
CPU clock:	3.39 GHz
--------------------------------------------------------------------------------
--------------------------------------------------------------------------------
STRUCT,Info,3
CPU name:,AMD Ryzen 5 2600 Six-Core Processor            ,
CPU type:,AMD K17 (Zen+) architecture,
CPU clock:,3.393558049 GHz,
TABLE,Region lu-factorization,Group 1 Raw,CACHE,6
Region Info,HWThread 11,
RDTSC Runtime [s],0.000043,
call count,1,
Event,Counter,HWThread 11
ACTUAL_CPU_CLOCK,FIXC1,404076
MAX_CPU_CLOCK,FIXC2,352512
RETIRED_INSTRUCTIONS,PMC0,378696
CPU_CLOCKS_UNHALTED,PMC1,166349
DATA_CACHE_ACCESSES,PMC2,233535
DATA_CACHE_REFILLS_ALL,PMC3,1959
TABLE,Region lu-factorization,Group 1 Metric,CACHE,9
Metric,HWThread 11,
Runtime (RDTSC) [s],4.267080e-05,
Runtime unhalted [s],0.0001,
Clock [MHz],3889.9537,
CPI,0.4393,
data cache requests,233535,
data cache request rate,0.6167,
data cache misses,1959,
data cache miss rate,0.0052,
data cache miss ratio,0.0084,
STRUCT,Info,3
CPU name:,AMD Ryzen 5 2600 Six-Core Processor            ,
CPU type:,AMD K17 (Zen+) architecture,
CPU clock:,3.393558049 GHz,
TABLE,Region retrosubs,Group 1 Raw,CACHE,6
Region Info,HWThread 11,
RDTSC Runtime [s],0.000275,
call count,1,
Event,Counter,HWThread 11
ACTUAL_CPU_CLOCK,FIXC1,1295228
MAX_CPU_CLOCK,FIXC2,1128426
RETIRED_INSTRUCTIONS,PMC0,2053440
CPU_CLOCKS_UNHALTED,PMC1,1074990
DATA_CACHE_ACCESSES,PMC2,1049428
DATA_CACHE_REFILLS_ALL,PMC3,18873
TABLE,Region retrosubs,Group 1 Metric,CACHE,9
Metric,HWThread 11,
Runtime (RDTSC) [s],0.0003,
Runtime unhalted [s],0.0004,
Clock [MHz],3895.1880,
CPI,0.5235,
data cache requests,1049428,
data cache request rate,0.5111,
data cache misses,18873,
data cache miss rate,0.0092,
data cache miss ratio,0.0180,
STRUCT,Info,3
CPU name:,AMD Ryzen 5 2600 Six-Core Processor            ,
CPU type:,AMD K17 (Zen+) architecture,
CPU clock:,3.393558049 GHz,
TABLE,Region calc-residue,Group 1 Raw,CACHE,6
Region Info,HWThread 11,
RDTSC Runtime [s],0.001393,
call count,10,
Event,Counter,HWThread 11
ACTUAL_CPU_CLOCK,FIXC1,7798676
MAX_CPU_CLOCK,FIXC2,6797382
RETIRED_INSTRUCTIONS,PMC0,11086280
CPU_CLOCKS_UNHALTED,PMC1,5573500
DATA_CACHE_ACCESSES,PMC2,10087230
DATA_CACHE_REFILLS_ALL,PMC3,43366
TABLE,Region calc-residue,Group 1 Metric,CACHE,9
Metric,HWThread 11,
Runtime (RDTSC) [s],0.0014,
Runtime unhalted [s],0.0023,
Clock [MHz],3893.4489,
CPI,0.5027,
data cache requests,10087230,
data cache request rate,0.9099,
data cache misses,43366,
data cache miss rate,0.0039,
data cache miss ratio,0.0043,
