--------------------------------------------------------------------------------
CPU name:	AMD Ryzen 5 2600 Six-Core Processor            
CPU type:	AMD K17 (Zen+) architecture
CPU clock:	3.39 GHz
--------------------------------------------------------------------------------
--------------------------------------------------------------------------------
STRUCT,Info,3
CPU name:,AMD Ryzen 5 2600 Six-Core Processor            ,
CPU type:,AMD K17 (Zen+) architecture,
CPU clock:,3.39356735 GHz,
TABLE,Region lu-factorization,Group 1 Raw,MEM,6
Region Info,HWThread 11,
RDTSC Runtime [s],0.000053,
call count,1,
Event,Counter,HWThread 11
ACTUAL_CPU_CLOCK,FIXC1,393476
MAX_CPU_CLOCK,FIXC2,427108
RETIRED_INSTRUCTIONS,PMC0,378694
CPU_CLOCKS_UNHALTED,PMC1,164700
DRAM_CHANNEL_0,DFC0,186
DRAM_CHANNEL_1,DFC1,136
TABLE,Region lu-factorization,Group 1 Metric,MEM,6
Metric,HWThread 11,
Runtime (RDTSC) [s],0.0001,
Runtime unhalted [s],0.0001,
Clock [MHz],3126.3458,
CPI,0.4349,
Memory bandwidth [MBytes/s],392.4636,
Memory data volume [GBytes],2.060800e-05,
STRUCT,Info,3
CPU name:,AMD Ryzen 5 2600 Six-Core Processor            ,
CPU type:,AMD K17 (Zen+) architecture,
CPU clock:,3.39356735 GHz,
TABLE,Region retrosubs,Group 1 Raw,MEM,6
Region Info,HWThread 11,
RDTSC Runtime [s],0.000275,
call count,1,
Event,Counter,HWThread 11
ACTUAL_CPU_CLOCK,FIXC1,1293477
MAX_CPU_CLOCK,FIXC2,1127712
RETIRED_INSTRUCTIONS,PMC0,2053446
CPU_CLOCKS_UNHALTED,PMC1,1075254
DRAM_CHANNEL_0,DFC0,105
DRAM_CHANNEL_1,DFC1,63
TABLE,Region retrosubs,Group 1 Metric,MEM,6
Metric,HWThread 11,
Runtime (RDTSC) [s],0.0003,
Runtime unhalted [s],0.0004,
Clock [MHz],3892.3957,
CPI,0.5236,
Memory bandwidth [MBytes/s],39.0782,
Memory data volume [GBytes],1.075200e-05,
STRUCT,Info,3
CPU name:,AMD Ryzen 5 2600 Six-Core Processor            ,
CPU type:,AMD K17 (Zen+) architecture,
CPU clock:,3.39356735 GHz,
TABLE,Region calc-residue,Group 1 Raw,MEM,6
Region Info,HWThread 11,
RDTSC Runtime [s],0.001389,
call count,10,
Event,Counter,HWThread 11
ACTUAL_CPU_CLOCK,FIXC1,7854085
MAX_CPU_CLOCK,FIXC2,6847124
RETIRED_INSTRUCTIONS,PMC0,11086380
CPU_CLOCKS_UNHALTED,PMC1,5594816
DRAM_CHANNEL_0,DFC0,1183
DRAM_CHANNEL_1,DFC1,584
TABLE,Region calc-residue,Group 1 Metric,MEM,6
Metric,HWThread 11,
Runtime (RDTSC) [s],0.0014,
Runtime unhalted [s],0.0023,
Clock [MHz],3892.6367,
CPI,0.5047,
Memory bandwidth [MBytes/s],81.4041,
Memory data volume [GBytes],0.0001,
