--------------------------------------------------------------------------------
CPU name:	AMD Ryzen 5 2600 Six-Core Processor            
CPU type:	AMD K17 (Zen+) architecture
CPU clock:	3.39 GHz
--------------------------------------------------------------------------------
--------------------------------------------------------------------------------
STRUCT,Info,3
CPU name:,AMD Ryzen 5 2600 Six-Core Processor            ,
CPU type:,AMD K17 (Zen+) architecture,
CPU clock:,3.393568094 GHz,
TABLE,Region lu-factorization,Group 1 Raw,MEM,6
Region Info,HWThread 11,
RDTSC Runtime [s],0.000040,
call count,1,
Event,Counter,HWThread 11
ACTUAL_CPU_CLOCK,FIXC1,395870
MAX_CPU_CLOCK,FIXC2,344250
RETIRED_INSTRUCTIONS,PMC0,359288
CPU_CLOCKS_UNHALTED,PMC1,159594
DRAM_CHANNEL_0,DFC0,242
DRAM_CHANNEL_1,DFC1,153
TABLE,Region lu-factorization,Group 1 Metric,MEM,6
Metric,HWThread 11,
Runtime (RDTSC) [s],3.986538e-05,
Runtime unhalted [s],0.0001,
Clock [MHz],3902.4308,
CPI,0.4442,
Memory bandwidth [MBytes/s],634.1342,
Memory data volume [GBytes],2.528000e-05,
STRUCT,Info,3
CPU name:,AMD Ryzen 5 2600 Six-Core Processor            ,
CPU type:,AMD K17 (Zen+) architecture,
CPU clock:,3.393568094 GHz,
TABLE,Region retrosubs,Group 1 Raw,MEM,6
Region Info,HWThread 11,
RDTSC Runtime [s],0.000268,
call count,1,
Event,Counter,HWThread 11
ACTUAL_CPU_CLOCK,FIXC1,1277966
MAX_CPU_CLOCK,FIXC2,1114282
RETIRED_INSTRUCTIONS,PMC0,1962422
CPU_CLOCKS_UNHALTED,PMC1,1033483
DRAM_CHANNEL_0,DFC0,799
DRAM_CHANNEL_1,DFC1,502
TABLE,Region retrosubs,Group 1 Metric,MEM,6
Metric,HWThread 11,
Runtime (RDTSC) [s],0.0003,
Runtime unhalted [s],0.0004,
Clock [MHz],3892.0710,
CPI,0.5266,
Memory bandwidth [MBytes/s],310.5162,
Memory data volume [GBytes],0.0001,
STRUCT,Info,3
CPU name:,AMD Ryzen 5 2600 Six-Core Processor            ,
CPU type:,AMD K17 (Zen+) architecture,
CPU clock:,3.393568094 GHz,
TABLE,Region calc-residue,Group 1 Raw,MEM,6
Region Info,HWThread 11,
RDTSC Runtime [s],0.001340,
call count,10,
Event,Counter,HWThread 11
ACTUAL_CPU_CLOCK,FIXC1,7671383
MAX_CPU_CLOCK,FIXC2,6685692
RETIRED_INSTRUCTIONS,PMC0,10547180
CPU_CLOCKS_UNHALTED,PMC1,5407024
DRAM_CHANNEL_0,DFC0,941
DRAM_CHANNEL_1,DFC1,818
TABLE,Region calc-residue,Group 1 Metric,MEM,6
Metric,HWThread 11,
Runtime (RDTSC) [s],0.0013,
Runtime unhalted [s],0.0023,
Clock [MHz],3893.8917,
CPI,0.5127,
Memory bandwidth [MBytes/s],84.0324,
Memory data volume [GBytes],0.0001,
